<?xml version="1.0" encoding="UTF-8"?>
<testsuite name="ca.mcgill.ecse.coolsupplies.features.CucumberFeaturesTestRunner" tests="248" skipped="0" failures="143" errors="0" timestamp="2024-11-05T23:01:27" hostname="zzx.local" time="2.463">
  <properties/>
  <testcase name="Successfully add a bundle item to a grade bundle in the system(Add Bundle Item to Bundle Items of Grade Bundle " classname="ca.mcgill.ecse.coolsupplies.features.CucumberFeaturesTestRunner" time="0.12"/>
  <testcase name="Unsuccessfully add a bundle item to a gradeBundle in the system with invalid values #1(Add Bundle Item to Bundle Items of Grade Bundle " classname="ca.mcgill.ecse.coolsupplies.features.CucumberFeaturesTestRunner" time="0.019"/>
  <testcase name="Unsuccessfully add a bundle item to a gradeBundle in the system with invalid values #2(Add Bundle Item to Bundle Items of Grade Bundle " classname="ca.mcgill.ecse.coolsupplies.features.CucumberFeaturesTestRunner" time="0.013"/>
  <testcase name="Unsuccessfully add a bundle item to a gradeBundle in the system with invalid values #3(Add Bundle Item to Bundle Items of Grade Bundle " classname="ca.mcgill.ecse.coolsupplies.features.CucumberFeaturesTestRunner" time="0.014"/>
  <testcase name="Unsuccessfully add a bundle item to a gradeBundle in the system with invalid values #4(Add Bundle Item to Bundle Items of Grade Bundle " classname="ca.mcgill.ecse.coolsupplies.features.CucumberFeaturesTestRunner" time="0.013"/>
  <testcase name="Unsuccessfully add a bundle item to a gradeBundle in the system with invalid values #5(Add Bundle Item to Bundle Items of Grade Bundle " classname="ca.mcgill.ecse.coolsupplies.features.CucumberFeaturesTestRunner" time="0.01"/>
  <testcase name="Successfully add a grade to the system(Add Grade " classname="ca.mcgill.ecse.coolsupplies.features.CucumberFeaturesTestRunner" time="0.011"/>
  <testcase name="Unsuccessfully add a grade to the system with invalid values #1(Add Grade " classname="ca.mcgill.ecse.coolsupplies.features.CucumberFeaturesTestRunner" time="0.012"/>
  <testcase name="Unsuccessfully add a grade to the system with invalid values #2(Add Grade " classname="ca.mcgill.ecse.coolsupplies.features.CucumberFeaturesTestRunner" time="0.01"/>
  <testcase name="Successfully add a grade bundle to the system(Add Grade Bundle " classname="ca.mcgill.ecse.coolsupplies.features.CucumberFeaturesTestRunner" time="0.015">
    <failure message="io.cucumber.java.PendingException: TODO: implement me" type="io.cucumber.java.PendingException">io.cucumber.java.PendingException: TODO: implement me
	at app//ca.mcgill.ecse.coolsupplies.features.AddGradeBundleStepDefinitions.the_following_grade_entities_exists_in_the_system_p10(AddGradeBundleStepDefinitions.java:18)
	at ✽.the following grade entities exists in the system (p10)(file:///Users/zhengxuanzhao/IdeaProjects/ecse223-group-project-p8/src/test/resources/AddGradeBundle.feature:5)
</failure>
  </testcase>
  <testcase name="Unsuccessfully add a grade bundle to the system with invalid values #1(Add Grade Bundle " classname="ca.mcgill.ecse.coolsupplies.features.CucumberFeaturesTestRunner" time="0.012">
    <failure message="io.cucumber.java.PendingException: TODO: implement me" type="io.cucumber.java.PendingException">io.cucumber.java.PendingException: TODO: implement me
	at app//ca.mcgill.ecse.coolsupplies.features.AddGradeBundleStepDefinitions.the_following_grade_entities_exists_in_the_system_p10(AddGradeBundleStepDefinitions.java:18)
	at ✽.the following grade entities exists in the system (p10)(file:///Users/zhengxuanzhao/IdeaProjects/ecse223-group-project-p8/src/test/resources/AddGradeBundle.feature:5)
</failure>
  </testcase>
  <testcase name="Unsuccessfully add a grade bundle to the system with invalid values #2(Add Grade Bundle " classname="ca.mcgill.ecse.coolsupplies.features.CucumberFeaturesTestRunner" time="0.018">
    <failure message="io.cucumber.java.PendingException: TODO: implement me" type="io.cucumber.java.PendingException">io.cucumber.java.PendingException: TODO: implement me
	at app//ca.mcgill.ecse.coolsupplies.features.AddGradeBundleStepDefinitions.the_following_grade_entities_exists_in_the_system_p10(AddGradeBundleStepDefinitions.java:18)
	at ✽.the following grade entities exists in the system (p10)(file:///Users/zhengxuanzhao/IdeaProjects/ecse223-group-project-p8/src/test/resources/AddGradeBundle.feature:5)
</failure>
  </testcase>
  <testcase name="Unsuccessfully add a grade bundle to the system with invalid values #3(Add Grade Bundle " classname="ca.mcgill.ecse.coolsupplies.features.CucumberFeaturesTestRunner" time="0.018">
    <failure message="io.cucumber.java.PendingException: TODO: implement me" type="io.cucumber.java.PendingException">io.cucumber.java.PendingException: TODO: implement me
	at app//ca.mcgill.ecse.coolsupplies.features.AddGradeBundleStepDefinitions.the_following_grade_entities_exists_in_the_system_p10(AddGradeBundleStepDefinitions.java:18)
	at ✽.the following grade entities exists in the system (p10)(file:///Users/zhengxuanzhao/IdeaProjects/ecse223-group-project-p8/src/test/resources/AddGradeBundle.feature:5)
</failure>
  </testcase>
  <testcase name="Unsuccessfully add a grade bundle to the system with invalid values #4(Add Grade Bundle " classname="ca.mcgill.ecse.coolsupplies.features.CucumberFeaturesTestRunner" time="0.017">
    <failure message="io.cucumber.java.PendingException: TODO: implement me" type="io.cucumber.java.PendingException">io.cucumber.java.PendingException: TODO: implement me
	at app//ca.mcgill.ecse.coolsupplies.features.AddGradeBundleStepDefinitions.the_following_grade_entities_exists_in_the_system_p10(AddGradeBundleStepDefinitions.java:18)
	at ✽.the following grade entities exists in the system (p10)(file:///Users/zhengxuanzhao/IdeaProjects/ecse223-group-project-p8/src/test/resources/AddGradeBundle.feature:5)
</failure>
  </testcase>
  <testcase name="Unsuccessfully add a grade bundle to the system with invalid values #5(Add Grade Bundle " classname="ca.mcgill.ecse.coolsupplies.features.CucumberFeaturesTestRunner" time="0.014">
    <failure message="io.cucumber.java.PendingException: TODO: implement me" type="io.cucumber.java.PendingException">io.cucumber.java.PendingException: TODO: implement me
	at app//ca.mcgill.ecse.coolsupplies.features.AddGradeBundleStepDefinitions.the_following_grade_entities_exists_in_the_system_p10(AddGradeBundleStepDefinitions.java:18)
	at ✽.the following grade entities exists in the system (p10)(file:///Users/zhengxuanzhao/IdeaProjects/ecse223-group-project-p8/src/test/resources/AddGradeBundle.feature:5)
</failure>
  </testcase>
  <testcase name="Unsuccessfully add a grade bundle to the system with invalid values #6(Add Grade Bundle " classname="ca.mcgill.ecse.coolsupplies.features.CucumberFeaturesTestRunner" time="0.016">
    <failure message="io.cucumber.java.PendingException: TODO: implement me" type="io.cucumber.java.PendingException">io.cucumber.java.PendingException: TODO: implement me
	at app//ca.mcgill.ecse.coolsupplies.features.AddGradeBundleStepDefinitions.the_following_grade_entities_exists_in_the_system_p10(AddGradeBundleStepDefinitions.java:18)
	at ✽.the following grade entities exists in the system (p10)(file:///Users/zhengxuanzhao/IdeaProjects/ecse223-group-project-p8/src/test/resources/AddGradeBundle.feature:5)
</failure>
  </testcase>
  <testcase name="Successfully add an item to the system(Add Item " classname="ca.mcgill.ecse.coolsupplies.features.CucumberFeaturesTestRunner" time="0.013"/>
  <testcase name="Unsuccessfully add an item to the system with invalid values #1(Add Item " classname="ca.mcgill.ecse.coolsupplies.features.CucumberFeaturesTestRunner" time="0.01"/>
  <testcase name="Unsuccessfully add an item to the system with invalid values #2(Add Item " classname="ca.mcgill.ecse.coolsupplies.features.CucumberFeaturesTestRunner" time="0.01"/>
  <testcase name="Unsuccessfully add an item to the system with invalid values #3(Add Item " classname="ca.mcgill.ecse.coolsupplies.features.CucumberFeaturesTestRunner" time="0.009"/>
  <testcase name="Successfully add an order to the system(Add Order " classname="ca.mcgill.ecse.coolsupplies.features.CucumberFeaturesTestRunner" time="0.016"/>
  <testcase name="Unsuccessfully add an order to the system with invalid values #1(Add Order " classname="ca.mcgill.ecse.coolsupplies.features.CucumberFeaturesTestRunner" time="0.01"/>
  <testcase name="Unsuccessfully add an order to the system with invalid values #2(Add Order " classname="ca.mcgill.ecse.coolsupplies.features.CucumberFeaturesTestRunner" time="0.009"/>
  <testcase name="Unsuccessfully add an order to the system with invalid values #3(Add Order " classname="ca.mcgill.ecse.coolsupplies.features.CucumberFeaturesTestRunner" time="0.01"/>
  <testcase name="Unsuccessfully add an order to the system with invalid values #4(Add Order " classname="ca.mcgill.ecse.coolsupplies.features.CucumberFeaturesTestRunner" time="0.009"/>
  <testcase name="Unsuccessfully add an order to the system with invalid values #5(Add Order " classname="ca.mcgill.ecse.coolsupplies.features.CucumberFeaturesTestRunner" time="0.008"/>
  <testcase name="Successfully add a parent to the system(Add Parent " classname="ca.mcgill.ecse.coolsupplies.features.CucumberFeaturesTestRunner" time="0.009"/>
  <testcase name="Unsuccessfully add a parent to the system with invalid values #1(Add Parent " classname="ca.mcgill.ecse.coolsupplies.features.CucumberFeaturesTestRunner" time="0.011"/>
  <testcase name="Unsuccessfully add a parent to the system with invalid values #2(Add Parent " classname="ca.mcgill.ecse.coolsupplies.features.CucumberFeaturesTestRunner" time="0.009"/>
  <testcase name="Unsuccessfully add a parent to the system with invalid values #3(Add Parent " classname="ca.mcgill.ecse.coolsupplies.features.CucumberFeaturesTestRunner" time="0.008"/>
  <testcase name="Unsuccessfully add a parent to the system with invalid values #4(Add Parent " classname="ca.mcgill.ecse.coolsupplies.features.CucumberFeaturesTestRunner" time="0.009"/>
  <testcase name="Unsuccessfully add a parent to the system with invalid values #5(Add Parent " classname="ca.mcgill.ecse.coolsupplies.features.CucumberFeaturesTestRunner" time="0.008"/>
  <testcase name="Unsuccessfully add a parent to the system with invalid values #6(Add Parent " classname="ca.mcgill.ecse.coolsupplies.features.CucumberFeaturesTestRunner" time="0.008"/>
  <testcase name="Unsuccessfully add a parent to the system with invalid values #7(Add Parent " classname="ca.mcgill.ecse.coolsupplies.features.CucumberFeaturesTestRunner" time="0.008"/>
  <testcase name="Unsuccessfully add a parent to the system with invalid values #8(Add Parent " classname="ca.mcgill.ecse.coolsupplies.features.CucumberFeaturesTestRunner" time="0.009"/>
  <testcase name="Unsuccessfully add a parent to the system with invalid values #9(Add Parent " classname="ca.mcgill.ecse.coolsupplies.features.CucumberFeaturesTestRunner" time="0.008"/>
  <testcase name="Unsuccessfully add a parent to the system with invalid values #10(Add Parent " classname="ca.mcgill.ecse.coolsupplies.features.CucumberFeaturesTestRunner" time="0.009"/>
  <testcase name="Unsuccessfully add a parent to the system with invalid values #11(Add Parent " classname="ca.mcgill.ecse.coolsupplies.features.CucumberFeaturesTestRunner" time="0.008"/>
  <testcase name="Unsuccessfully add a parent to the system with invalid values #12(Add Parent " classname="ca.mcgill.ecse.coolsupplies.features.CucumberFeaturesTestRunner" time="0.009"/>
  <testcase name="Unsuccessfully add a parent to the system with invalid values #13(Add Parent " classname="ca.mcgill.ecse.coolsupplies.features.CucumberFeaturesTestRunner" time="0.008"/>
  <testcase name="Successfully add a student to the system(Add Student " classname="ca.mcgill.ecse.coolsupplies.features.CucumberFeaturesTestRunner" time="0.012"/>
  <testcase name="Unsuccessfully add a student to the system with invalid values #1(Add Student " classname="ca.mcgill.ecse.coolsupplies.features.CucumberFeaturesTestRunner" time="0.009"/>
  <testcase name="Unsuccessfully add a student to the system with invalid values #2(Add Student " classname="ca.mcgill.ecse.coolsupplies.features.CucumberFeaturesTestRunner" time="0.008"/>
  <testcase name="Unsuccessfully add a student to the system with invalid values #3(Add Student " classname="ca.mcgill.ecse.coolsupplies.features.CucumberFeaturesTestRunner" time="0.008"/>
  <testcase name="Successfully add a student to a parent in the system(Add Student to Students of Parent " classname="ca.mcgill.ecse.coolsupplies.features.CucumberFeaturesTestRunner" time="0.009"/>
  <testcase name="Unsuccessfully add a student that does not exist to a parent in the system(Add Student to Students of Parent " classname="ca.mcgill.ecse.coolsupplies.features.CucumberFeaturesTestRunner" time="0.009"/>
  <testcase name="Successfully delete a grade from the system(Delete Grade " classname="ca.mcgill.ecse.coolsupplies.features.CucumberFeaturesTestRunner" time="0.009"/>
  <testcase name="Unsuccessfully delete a grade that does not exist in the system(Delete Grade " classname="ca.mcgill.ecse.coolsupplies.features.CucumberFeaturesTestRunner" time="0.009"/>
  <testcase name="Successfully delete a grade bundle from the system(Delete Grade Bundle " classname="ca.mcgill.ecse.coolsupplies.features.CucumberFeaturesTestRunner" time="0.01"/>
  <testcase name="Unsuccessfully delete a grade bundle that does not exist in the system(Delete Grade Bundle " classname="ca.mcgill.ecse.coolsupplies.features.CucumberFeaturesTestRunner" time="0.01"/>
  <testcase name="Successfully delete an item from the system(Delete Item " classname="ca.mcgill.ecse.coolsupplies.features.CucumberFeaturesTestRunner" time="0.008"/>
  <testcase name="Unsuccessfully delete an item that does not exist in the system(Delete Item " classname="ca.mcgill.ecse.coolsupplies.features.CucumberFeaturesTestRunner" time="0.009"/>
  <testcase name="Successfully delete a parent from the system(Delete Parent " classname="ca.mcgill.ecse.coolsupplies.features.CucumberFeaturesTestRunner" time="0.009"/>
  <testcase name="Unsuccessfully delete a parent that does not exist in the system(Delete Parent " classname="ca.mcgill.ecse.coolsupplies.features.CucumberFeaturesTestRunner" time="0.009"/>
  <testcase name="Successfully delete a student from the system(Delete Student " classname="ca.mcgill.ecse.coolsupplies.features.CucumberFeaturesTestRunner" time="0.008"/>
  <testcase name="Unsuccessfully delete a student that does not exist in the system(Delete Student " classname="ca.mcgill.ecse.coolsupplies.features.CucumberFeaturesTestRunner" time="0.009"/>
  <testcase name="Successfully get a bundle item from the bundle items of a grade bundle in the system(Get Bundle Item from Bundle Items of Grade Bundle " classname="ca.mcgill.ecse.coolsupplies.features.CucumberFeaturesTestRunner" time="0.01"/>
  <testcase name="Successfully get all bundle items of a grade bundle in the system(Get Bundle Item from Bundle Items of Grade Bundle " classname="ca.mcgill.ecse.coolsupplies.features.CucumberFeaturesTestRunner" time="0.008"/>
  <testcase name="Unsuccessfully get a bundle item from the bundle items of a grade bundle that does not exist in the system(Get Bundle Item from Bundle Items of Grade Bundle " classname="ca.mcgill.ecse.coolsupplies.features.CucumberFeaturesTestRunner" time="0.008"/>
  <testcase name="Unsuccessfully get all bundle items of a grade bundle that does not exist in the system(Get Bundle Item from Bundle Items of Grade Bundle " classname="ca.mcgill.ecse.coolsupplies.features.CucumberFeaturesTestRunner" time="0.008"/>
  <testcase name="Unsuccessfully get a bundle item that does not exist in the bundle items of a grade bundle in the system(Get Bundle Item from Bundle Items of Grade Bundle " classname="ca.mcgill.ecse.coolsupplies.features.CucumberFeaturesTestRunner" time="0.008"/>
  <testcase name="Successfully get a grade from the system(Get Grade " classname="ca.mcgill.ecse.coolsupplies.features.CucumberFeaturesTestRunner" time="0.008"/>
  <testcase name="Unsuccessfully get a grade that does not exist in the system #1(Get Grade " classname="ca.mcgill.ecse.coolsupplies.features.CucumberFeaturesTestRunner" time="0.008"/>
  <testcase name="Unsuccessfully get a grade that does not exist in the system #2(Get Grade " classname="ca.mcgill.ecse.coolsupplies.features.CucumberFeaturesTestRunner" time="0.007"/>
  <testcase name="Successfully get all grades from the system(Get Grade " classname="ca.mcgill.ecse.coolsupplies.features.CucumberFeaturesTestRunner" time="0.008"/>
  <testcase name="Successfully get a grade bundle from the system(Get Grade Bundle " classname="ca.mcgill.ecse.coolsupplies.features.CucumberFeaturesTestRunner" time="0.01"/>
  <testcase name="Unsuccessfully get a grade bundle that does not exist in the system #1(Get Grade Bundle " classname="ca.mcgill.ecse.coolsupplies.features.CucumberFeaturesTestRunner" time="0.008"/>
  <testcase name="Unsuccessfully get a grade bundle that does not exist in the system #2(Get Grade Bundle " classname="ca.mcgill.ecse.coolsupplies.features.CucumberFeaturesTestRunner" time="0.008"/>
  <testcase name="Successfully get all bundles from the system(Get Grade Bundle " classname="ca.mcgill.ecse.coolsupplies.features.CucumberFeaturesTestRunner" time="0.008"/>
  <testcase name="Successfully get an item from the system(Get Item " classname="ca.mcgill.ecse.coolsupplies.features.CucumberFeaturesTestRunner" time="0.008"/>
  <testcase name="Unsuccessfully get an item that does not exist in the system #1(Get Item " classname="ca.mcgill.ecse.coolsupplies.features.CucumberFeaturesTestRunner" time="0.008"/>
  <testcase name="Unsuccessfully get an item that does not exist in the system #2(Get Item " classname="ca.mcgill.ecse.coolsupplies.features.CucumberFeaturesTestRunner" time="0.008"/>
  <testcase name="Successfully get all items from the system(Get Item " classname="ca.mcgill.ecse.coolsupplies.features.CucumberFeaturesTestRunner" time="0.007"/>
  <testcase name="Successfully get first order from the system" classname="ca.mcgill.ecse.coolsupplies.features.CucumberFeaturesTestRunner" time="0.01">
    <failure message="io.cucumber.java.PendingException: TODO: implement me" type="io.cucumber.java.PendingException">io.cucumber.java.PendingException: TODO: implement me
	at app//ca.mcgill.ecse.coolsupplies.features.OrderStepDefinitions.the_following_parent_entities_exist_in_the_system(OrderStepDefinitions.java:18)
	at ✽.the following parent entities exist in the system(file:///Users/zhengxuanzhao/IdeaProjects/ecse223-group-project-p8/src/test/resources/GetOrder.feature:5)
</failure>
  </testcase>
  <testcase name="Successfully get second order from the system" classname="ca.mcgill.ecse.coolsupplies.features.CucumberFeaturesTestRunner" time="0.008">
    <failure message="io.cucumber.java.PendingException: TODO: implement me" type="io.cucumber.java.PendingException">io.cucumber.java.PendingException: TODO: implement me
	at app//ca.mcgill.ecse.coolsupplies.features.OrderStepDefinitions.the_following_parent_entities_exist_in_the_system(OrderStepDefinitions.java:18)
	at ✽.the following parent entities exist in the system(file:///Users/zhengxuanzhao/IdeaProjects/ecse223-group-project-p8/src/test/resources/GetOrder.feature:5)
</failure>
  </testcase>
  <testcase name="Successfully get third order from the system" classname="ca.mcgill.ecse.coolsupplies.features.CucumberFeaturesTestRunner" time="0.009">
    <failure message="io.cucumber.java.PendingException: TODO: implement me" type="io.cucumber.java.PendingException">io.cucumber.java.PendingException: TODO: implement me
	at app//ca.mcgill.ecse.coolsupplies.features.OrderStepDefinitions.the_following_parent_entities_exist_in_the_system(OrderStepDefinitions.java:18)
	at ✽.the following parent entities exist in the system(file:///Users/zhengxuanzhao/IdeaProjects/ecse223-group-project-p8/src/test/resources/GetOrder.feature:5)
</failure>
  </testcase>
  <testcase name="Successfully get fourth order from the system" classname="ca.mcgill.ecse.coolsupplies.features.CucumberFeaturesTestRunner" time="0.008">
    <failure message="io.cucumber.java.PendingException: TODO: implement me" type="io.cucumber.java.PendingException">io.cucumber.java.PendingException: TODO: implement me
	at app//ca.mcgill.ecse.coolsupplies.features.OrderStepDefinitions.the_following_parent_entities_exist_in_the_system(OrderStepDefinitions.java:18)
	at ✽.the following parent entities exist in the system(file:///Users/zhengxuanzhao/IdeaProjects/ecse223-group-project-p8/src/test/resources/GetOrder.feature:5)
</failure>
  </testcase>
  <testcase name="Successfully get fifth order from the system" classname="ca.mcgill.ecse.coolsupplies.features.CucumberFeaturesTestRunner" time="0.009">
    <failure message="io.cucumber.java.PendingException: TODO: implement me" type="io.cucumber.java.PendingException">io.cucumber.java.PendingException: TODO: implement me
	at app//ca.mcgill.ecse.coolsupplies.features.OrderStepDefinitions.the_following_parent_entities_exist_in_the_system(OrderStepDefinitions.java:18)
	at ✽.the following parent entities exist in the system(file:///Users/zhengxuanzhao/IdeaProjects/ecse223-group-project-p8/src/test/resources/GetOrder.feature:5)
</failure>
  </testcase>
  <testcase name="Successfully get sixth order from the system" classname="ca.mcgill.ecse.coolsupplies.features.CucumberFeaturesTestRunner" time="0.008">
    <failure message="io.cucumber.java.PendingException: TODO: implement me" type="io.cucumber.java.PendingException">io.cucumber.java.PendingException: TODO: implement me
	at app//ca.mcgill.ecse.coolsupplies.features.OrderStepDefinitions.the_following_parent_entities_exist_in_the_system(OrderStepDefinitions.java:18)
	at ✽.the following parent entities exist in the system(file:///Users/zhengxuanzhao/IdeaProjects/ecse223-group-project-p8/src/test/resources/GetOrder.feature:5)
</failure>
  </testcase>
  <testcase name="Unsuccessfully get an order that does not exist in the system" classname="ca.mcgill.ecse.coolsupplies.features.CucumberFeaturesTestRunner" time="0.009">
    <failure message="io.cucumber.java.PendingException: TODO: implement me" type="io.cucumber.java.PendingException">io.cucumber.java.PendingException: TODO: implement me
	at app//ca.mcgill.ecse.coolsupplies.features.OrderStepDefinitions.the_following_parent_entities_exist_in_the_system(OrderStepDefinitions.java:18)
	at ✽.the following parent entities exist in the system(file:///Users/zhengxuanzhao/IdeaProjects/ecse223-group-project-p8/src/test/resources/GetOrder.feature:5)
</failure>
  </testcase>
  <testcase name="Successfully get all orders from the system" classname="ca.mcgill.ecse.coolsupplies.features.CucumberFeaturesTestRunner" time="0.008">
    <failure message="io.cucumber.java.PendingException: TODO: implement me" type="io.cucumber.java.PendingException">io.cucumber.java.PendingException: TODO: implement me
	at app//ca.mcgill.ecse.coolsupplies.features.OrderStepDefinitions.the_following_parent_entities_exist_in_the_system(OrderStepDefinitions.java:18)
	at ✽.the following parent entities exist in the system(file:///Users/zhengxuanzhao/IdeaProjects/ecse223-group-project-p8/src/test/resources/GetOrder.feature:5)
</failure>
  </testcase>
  <testcase name="Successfully get a parent from the system(Get Parent " classname="ca.mcgill.ecse.coolsupplies.features.CucumberFeaturesTestRunner" time="0.008"/>
  <testcase name="Unsuccessfully get a parent that does not exist in the system #1(Get Parent " classname="ca.mcgill.ecse.coolsupplies.features.CucumberFeaturesTestRunner" time="0.008"/>
  <testcase name="Unsuccessfully get a parent that does not exist in the system #2(Get Parent " classname="ca.mcgill.ecse.coolsupplies.features.CucumberFeaturesTestRunner" time="0.008"/>
  <testcase name="Successfully get all parents from the system(Get Parent " classname="ca.mcgill.ecse.coolsupplies.features.CucumberFeaturesTestRunner" time="0.008"/>
  <testcase name="Successfully get a student from the system(Get Student " classname="ca.mcgill.ecse.coolsupplies.features.CucumberFeaturesTestRunner" time="0.008"/>
  <testcase name="Unsuccessfully get a student that does not exist in the system #1(Get Student " classname="ca.mcgill.ecse.coolsupplies.features.CucumberFeaturesTestRunner" time="0.007"/>
  <testcase name="Unsuccessfully get a student that does not exist in the system #2(Get Student " classname="ca.mcgill.ecse.coolsupplies.features.CucumberFeaturesTestRunner" time="0.008"/>
  <testcase name="Successfully get all students from the system(Get Student " classname="ca.mcgill.ecse.coolsupplies.features.CucumberFeaturesTestRunner" time="0.008"/>
  <testcase name="Successfully get a student from the students of a parent in the system(Get Student from Students of Parent " classname="ca.mcgill.ecse.coolsupplies.features.CucumberFeaturesTestRunner" time="0.011"/>
  <testcase name="Successfully get all students of a parent in the system(Get Student from Students of Parent " classname="ca.mcgill.ecse.coolsupplies.features.CucumberFeaturesTestRunner" time="0.008"/>
  <testcase name="Unsuccessfully get a student from the students of a parent that does not exist in the system(Get Student from Students of Parent " classname="ca.mcgill.ecse.coolsupplies.features.CucumberFeaturesTestRunner" time="0.007"/>
  <testcase name="Unsuccessfully get all students of a parent that does not exist in the system(Get Student from Students of Parent " classname="ca.mcgill.ecse.coolsupplies.features.CucumberFeaturesTestRunner" time="0.008"/>
  <testcase name="Unsuccessfully get a student that does not exist in the students of a parent in the system(Get Student from Students of Parent " classname="ca.mcgill.ecse.coolsupplies.features.CucumberFeaturesTestRunner" time="0.007"/>
  <testcase name="Successfully update an order #1" classname="ca.mcgill.ecse.coolsupplies.features.CucumberFeaturesTestRunner" time="0.008">
    <failure message="io.cucumber.java.PendingException: TODO: implement me" type="io.cucumber.java.PendingException">io.cucumber.java.PendingException: TODO: implement me
	at app//ca.mcgill.ecse.coolsupplies.features.OrderStepDefinitions.the_following_parent_entities_exist_in_the_system(OrderStepDefinitions.java:18)
	at ✽.the following parent entities exist in the system(file:///Users/zhengxuanzhao/IdeaProjects/ecse223-group-project-p8/src/test/resources/ProcessOrder.feature:5)
</failure>
  </testcase>
  <testcase name="Successfully update an order #2" classname="ca.mcgill.ecse.coolsupplies.features.CucumberFeaturesTestRunner" time="0.009">
    <failure message="io.cucumber.java.PendingException: TODO: implement me" type="io.cucumber.java.PendingException">io.cucumber.java.PendingException: TODO: implement me
	at app//ca.mcgill.ecse.coolsupplies.features.OrderStepDefinitions.the_following_parent_entities_exist_in_the_system(OrderStepDefinitions.java:18)
	at ✽.the following parent entities exist in the system(file:///Users/zhengxuanzhao/IdeaProjects/ecse223-group-project-p8/src/test/resources/ProcessOrder.feature:5)
</failure>
  </testcase>
  <testcase name="Successfully update an order #3" classname="ca.mcgill.ecse.coolsupplies.features.CucumberFeaturesTestRunner" time="0.01">
    <failure message="io.cucumber.java.PendingException: TODO: implement me" type="io.cucumber.java.PendingException">io.cucumber.java.PendingException: TODO: implement me
	at app//ca.mcgill.ecse.coolsupplies.features.OrderStepDefinitions.the_following_parent_entities_exist_in_the_system(OrderStepDefinitions.java:18)
	at ✽.the following parent entities exist in the system(file:///Users/zhengxuanzhao/IdeaProjects/ecse223-group-project-p8/src/test/resources/ProcessOrder.feature:5)
</failure>
  </testcase>
  <testcase name="Successfully update an order #4" classname="ca.mcgill.ecse.coolsupplies.features.CucumberFeaturesTestRunner" time="0.01">
    <failure message="io.cucumber.java.PendingException: TODO: implement me" type="io.cucumber.java.PendingException">io.cucumber.java.PendingException: TODO: implement me
	at app//ca.mcgill.ecse.coolsupplies.features.OrderStepDefinitions.the_following_parent_entities_exist_in_the_system(OrderStepDefinitions.java:18)
	at ✽.the following parent entities exist in the system(file:///Users/zhengxuanzhao/IdeaProjects/ecse223-group-project-p8/src/test/resources/ProcessOrder.feature:5)
</failure>
  </testcase>
  <testcase name="Unsuccessfully update an order due to wrong input #1" classname="ca.mcgill.ecse.coolsupplies.features.CucumberFeaturesTestRunner" time="0.009">
    <failure message="io.cucumber.java.PendingException: TODO: implement me" type="io.cucumber.java.PendingException">io.cucumber.java.PendingException: TODO: implement me
	at app//ca.mcgill.ecse.coolsupplies.features.OrderStepDefinitions.the_following_parent_entities_exist_in_the_system(OrderStepDefinitions.java:18)
	at ✽.the following parent entities exist in the system(file:///Users/zhengxuanzhao/IdeaProjects/ecse223-group-project-p8/src/test/resources/ProcessOrder.feature:5)
</failure>
  </testcase>
  <testcase name="Unsuccessfully update an order due to wrong input #2" classname="ca.mcgill.ecse.coolsupplies.features.CucumberFeaturesTestRunner" time="0.009">
    <failure message="io.cucumber.java.PendingException: TODO: implement me" type="io.cucumber.java.PendingException">io.cucumber.java.PendingException: TODO: implement me
	at app//ca.mcgill.ecse.coolsupplies.features.OrderStepDefinitions.the_following_parent_entities_exist_in_the_system(OrderStepDefinitions.java:18)
	at ✽.the following parent entities exist in the system(file:///Users/zhengxuanzhao/IdeaProjects/ecse223-group-project-p8/src/test/resources/ProcessOrder.feature:5)
</failure>
  </testcase>
  <testcase name="Unsuccessfully update an order due to wrong input #3" classname="ca.mcgill.ecse.coolsupplies.features.CucumberFeaturesTestRunner" time="0.008">
    <failure message="io.cucumber.java.PendingException: TODO: implement me" type="io.cucumber.java.PendingException">io.cucumber.java.PendingException: TODO: implement me
	at app//ca.mcgill.ecse.coolsupplies.features.OrderStepDefinitions.the_following_parent_entities_exist_in_the_system(OrderStepDefinitions.java:18)
	at ✽.the following parent entities exist in the system(file:///Users/zhengxuanzhao/IdeaProjects/ecse223-group-project-p8/src/test/resources/ProcessOrder.feature:5)
</failure>
  </testcase>
  <testcase name="Unsuccessfully update an order due to non-existing order #1" classname="ca.mcgill.ecse.coolsupplies.features.CucumberFeaturesTestRunner" time="0.009">
    <failure message="io.cucumber.java.PendingException: TODO: implement me" type="io.cucumber.java.PendingException">io.cucumber.java.PendingException: TODO: implement me
	at app//ca.mcgill.ecse.coolsupplies.features.OrderStepDefinitions.the_following_parent_entities_exist_in_the_system(OrderStepDefinitions.java:18)
	at ✽.the following parent entities exist in the system(file:///Users/zhengxuanzhao/IdeaProjects/ecse223-group-project-p8/src/test/resources/ProcessOrder.feature:5)
</failure>
  </testcase>
  <testcase name="Unsuccessfully update an order due to non-existing order #2" classname="ca.mcgill.ecse.coolsupplies.features.CucumberFeaturesTestRunner" time="0.008">
    <failure message="io.cucumber.java.PendingException: TODO: implement me" type="io.cucumber.java.PendingException">io.cucumber.java.PendingException: TODO: implement me
	at app//ca.mcgill.ecse.coolsupplies.features.OrderStepDefinitions.the_following_parent_entities_exist_in_the_system(OrderStepDefinitions.java:18)
	at ✽.the following parent entities exist in the system(file:///Users/zhengxuanzhao/IdeaProjects/ecse223-group-project-p8/src/test/resources/ProcessOrder.feature:5)
</failure>
  </testcase>
  <testcase name="Unsuccessfully update an order due to wrong state #1" classname="ca.mcgill.ecse.coolsupplies.features.CucumberFeaturesTestRunner" time="0.009">
    <failure message="io.cucumber.java.PendingException: TODO: implement me" type="io.cucumber.java.PendingException">io.cucumber.java.PendingException: TODO: implement me
	at app//ca.mcgill.ecse.coolsupplies.features.OrderStepDefinitions.the_following_parent_entities_exist_in_the_system(OrderStepDefinitions.java:18)
	at ✽.the following parent entities exist in the system(file:///Users/zhengxuanzhao/IdeaProjects/ecse223-group-project-p8/src/test/resources/ProcessOrder.feature:5)
</failure>
  </testcase>
  <testcase name="Unsuccessfully update an order due to wrong state #2" classname="ca.mcgill.ecse.coolsupplies.features.CucumberFeaturesTestRunner" time="0.008">
    <failure message="io.cucumber.java.PendingException: TODO: implement me" type="io.cucumber.java.PendingException">io.cucumber.java.PendingException: TODO: implement me
	at app//ca.mcgill.ecse.coolsupplies.features.OrderStepDefinitions.the_following_parent_entities_exist_in_the_system(OrderStepDefinitions.java:18)
	at ✽.the following parent entities exist in the system(file:///Users/zhengxuanzhao/IdeaProjects/ecse223-group-project-p8/src/test/resources/ProcessOrder.feature:5)
</failure>
  </testcase>
  <testcase name="Unsuccessfully update an order due to wrong state #3" classname="ca.mcgill.ecse.coolsupplies.features.CucumberFeaturesTestRunner" time="0.009">
    <failure message="io.cucumber.java.PendingException: TODO: implement me" type="io.cucumber.java.PendingException">io.cucumber.java.PendingException: TODO: implement me
	at app//ca.mcgill.ecse.coolsupplies.features.OrderStepDefinitions.the_following_parent_entities_exist_in_the_system(OrderStepDefinitions.java:18)
	at ✽.the following parent entities exist in the system(file:///Users/zhengxuanzhao/IdeaProjects/ecse223-group-project-p8/src/test/resources/ProcessOrder.feature:5)
</failure>
  </testcase>
  <testcase name="Unsuccessfully update an order due to wrong state #4" classname="ca.mcgill.ecse.coolsupplies.features.CucumberFeaturesTestRunner" time="0.009">
    <failure message="io.cucumber.java.PendingException: TODO: implement me" type="io.cucumber.java.PendingException">io.cucumber.java.PendingException: TODO: implement me
	at app//ca.mcgill.ecse.coolsupplies.features.OrderStepDefinitions.the_following_parent_entities_exist_in_the_system(OrderStepDefinitions.java:18)
	at ✽.the following parent entities exist in the system(file:///Users/zhengxuanzhao/IdeaProjects/ecse223-group-project-p8/src/test/resources/ProcessOrder.feature:5)
</failure>
  </testcase>
  <testcase name="Successfully add an item to an order #1" classname="ca.mcgill.ecse.coolsupplies.features.CucumberFeaturesTestRunner" time="0.008">
    <failure message="io.cucumber.java.PendingException: TODO: implement me" type="io.cucumber.java.PendingException">io.cucumber.java.PendingException: TODO: implement me
	at app//ca.mcgill.ecse.coolsupplies.features.OrderStepDefinitions.the_following_parent_entities_exist_in_the_system(OrderStepDefinitions.java:18)
	at ✽.the following parent entities exist in the system(file:///Users/zhengxuanzhao/IdeaProjects/ecse223-group-project-p8/src/test/resources/ProcessOrder.feature:5)
</failure>
  </testcase>
  <testcase name="Successfully add an item to an order #2" classname="ca.mcgill.ecse.coolsupplies.features.CucumberFeaturesTestRunner" time="0.009">
    <failure message="io.cucumber.java.PendingException: TODO: implement me" type="io.cucumber.java.PendingException">io.cucumber.java.PendingException: TODO: implement me
	at app//ca.mcgill.ecse.coolsupplies.features.OrderStepDefinitions.the_following_parent_entities_exist_in_the_system(OrderStepDefinitions.java:18)
	at ✽.the following parent entities exist in the system(file:///Users/zhengxuanzhao/IdeaProjects/ecse223-group-project-p8/src/test/resources/ProcessOrder.feature:5)
</failure>
  </testcase>
  <testcase name="Successfully add an item to an order #3" classname="ca.mcgill.ecse.coolsupplies.features.CucumberFeaturesTestRunner" time="0.008">
    <failure message="io.cucumber.java.PendingException: TODO: implement me" type="io.cucumber.java.PendingException">io.cucumber.java.PendingException: TODO: implement me
	at app//ca.mcgill.ecse.coolsupplies.features.OrderStepDefinitions.the_following_parent_entities_exist_in_the_system(OrderStepDefinitions.java:18)
	at ✽.the following parent entities exist in the system(file:///Users/zhengxuanzhao/IdeaProjects/ecse223-group-project-p8/src/test/resources/ProcessOrder.feature:5)
</failure>
  </testcase>
  <testcase name="Successfully add an item to an order #4" classname="ca.mcgill.ecse.coolsupplies.features.CucumberFeaturesTestRunner" time="0.008">
    <failure message="io.cucumber.java.PendingException: TODO: implement me" type="io.cucumber.java.PendingException">io.cucumber.java.PendingException: TODO: implement me
	at app//ca.mcgill.ecse.coolsupplies.features.OrderStepDefinitions.the_following_parent_entities_exist_in_the_system(OrderStepDefinitions.java:18)
	at ✽.the following parent entities exist in the system(file:///Users/zhengxuanzhao/IdeaProjects/ecse223-group-project-p8/src/test/resources/ProcessOrder.feature:5)
</failure>
  </testcase>
  <testcase name="Unsuccessfully add an item to an order due to wrong input #1" classname="ca.mcgill.ecse.coolsupplies.features.CucumberFeaturesTestRunner" time="0.009">
    <failure message="io.cucumber.java.PendingException: TODO: implement me" type="io.cucumber.java.PendingException">io.cucumber.java.PendingException: TODO: implement me
	at app//ca.mcgill.ecse.coolsupplies.features.OrderStepDefinitions.the_following_parent_entities_exist_in_the_system(OrderStepDefinitions.java:18)
	at ✽.the following parent entities exist in the system(file:///Users/zhengxuanzhao/IdeaProjects/ecse223-group-project-p8/src/test/resources/ProcessOrder.feature:5)
</failure>
  </testcase>
  <testcase name="Unsuccessfully add an item to an order due to wrong input #2" classname="ca.mcgill.ecse.coolsupplies.features.CucumberFeaturesTestRunner" time="0.009">
    <failure message="io.cucumber.java.PendingException: TODO: implement me" type="io.cucumber.java.PendingException">io.cucumber.java.PendingException: TODO: implement me
	at app//ca.mcgill.ecse.coolsupplies.features.OrderStepDefinitions.the_following_parent_entities_exist_in_the_system(OrderStepDefinitions.java:18)
	at ✽.the following parent entities exist in the system(file:///Users/zhengxuanzhao/IdeaProjects/ecse223-group-project-p8/src/test/resources/ProcessOrder.feature:5)
</failure>
  </testcase>
  <testcase name="Unsuccessfully add an item to an order due to wrong input #3" classname="ca.mcgill.ecse.coolsupplies.features.CucumberFeaturesTestRunner" time="0.008">
    <failure message="io.cucumber.java.PendingException: TODO: implement me" type="io.cucumber.java.PendingException">io.cucumber.java.PendingException: TODO: implement me
	at app//ca.mcgill.ecse.coolsupplies.features.OrderStepDefinitions.the_following_parent_entities_exist_in_the_system(OrderStepDefinitions.java:18)
	at ✽.the following parent entities exist in the system(file:///Users/zhengxuanzhao/IdeaProjects/ecse223-group-project-p8/src/test/resources/ProcessOrder.feature:5)
</failure>
  </testcase>
  <testcase name="Unsuccessfully add an item to an order due to wrong input #4" classname="ca.mcgill.ecse.coolsupplies.features.CucumberFeaturesTestRunner" time="0.009">
    <failure message="io.cucumber.java.PendingException: TODO: implement me" type="io.cucumber.java.PendingException">io.cucumber.java.PendingException: TODO: implement me
	at app//ca.mcgill.ecse.coolsupplies.features.OrderStepDefinitions.the_following_parent_entities_exist_in_the_system(OrderStepDefinitions.java:18)
	at ✽.the following parent entities exist in the system(file:///Users/zhengxuanzhao/IdeaProjects/ecse223-group-project-p8/src/test/resources/ProcessOrder.feature:5)
</failure>
  </testcase>
  <testcase name="Unsuccessfully add an item to an order due to wrong input #5" classname="ca.mcgill.ecse.coolsupplies.features.CucumberFeaturesTestRunner" time="0.01">
    <failure message="io.cucumber.java.PendingException: TODO: implement me" type="io.cucumber.java.PendingException">io.cucumber.java.PendingException: TODO: implement me
	at app//ca.mcgill.ecse.coolsupplies.features.OrderStepDefinitions.the_following_parent_entities_exist_in_the_system(OrderStepDefinitions.java:18)
	at ✽.the following parent entities exist in the system(file:///Users/zhengxuanzhao/IdeaProjects/ecse223-group-project-p8/src/test/resources/ProcessOrder.feature:5)
</failure>
  </testcase>
  <testcase name="Unsuccessfully add an item to an order due to non-existing order #1" classname="ca.mcgill.ecse.coolsupplies.features.CucumberFeaturesTestRunner" time="0.008">
    <failure message="io.cucumber.java.PendingException: TODO: implement me" type="io.cucumber.java.PendingException">io.cucumber.java.PendingException: TODO: implement me
	at app//ca.mcgill.ecse.coolsupplies.features.OrderStepDefinitions.the_following_parent_entities_exist_in_the_system(OrderStepDefinitions.java:18)
	at ✽.the following parent entities exist in the system(file:///Users/zhengxuanzhao/IdeaProjects/ecse223-group-project-p8/src/test/resources/ProcessOrder.feature:5)
</failure>
  </testcase>
  <testcase name="Unsuccessfully add an item to an order due to non-existing order #2" classname="ca.mcgill.ecse.coolsupplies.features.CucumberFeaturesTestRunner" time="0.008">
    <failure message="io.cucumber.java.PendingException: TODO: implement me" type="io.cucumber.java.PendingException">io.cucumber.java.PendingException: TODO: implement me
	at app//ca.mcgill.ecse.coolsupplies.features.OrderStepDefinitions.the_following_parent_entities_exist_in_the_system(OrderStepDefinitions.java:18)
	at ✽.the following parent entities exist in the system(file:///Users/zhengxuanzhao/IdeaProjects/ecse223-group-project-p8/src/test/resources/ProcessOrder.feature:5)
</failure>
  </testcase>
  <testcase name="Unsuccessfully add an item to an order due to wrong state #1" classname="ca.mcgill.ecse.coolsupplies.features.CucumberFeaturesTestRunner" time="0.008">
    <failure message="io.cucumber.java.PendingException: TODO: implement me" type="io.cucumber.java.PendingException">io.cucumber.java.PendingException: TODO: implement me
	at app//ca.mcgill.ecse.coolsupplies.features.OrderStepDefinitions.the_following_parent_entities_exist_in_the_system(OrderStepDefinitions.java:18)
	at ✽.the following parent entities exist in the system(file:///Users/zhengxuanzhao/IdeaProjects/ecse223-group-project-p8/src/test/resources/ProcessOrder.feature:5)
</failure>
  </testcase>
  <testcase name="Unsuccessfully add an item to an order due to wrong state #2" classname="ca.mcgill.ecse.coolsupplies.features.CucumberFeaturesTestRunner" time="0.008">
    <failure message="io.cucumber.java.PendingException: TODO: implement me" type="io.cucumber.java.PendingException">io.cucumber.java.PendingException: TODO: implement me
	at app//ca.mcgill.ecse.coolsupplies.features.OrderStepDefinitions.the_following_parent_entities_exist_in_the_system(OrderStepDefinitions.java:18)
	at ✽.the following parent entities exist in the system(file:///Users/zhengxuanzhao/IdeaProjects/ecse223-group-project-p8/src/test/resources/ProcessOrder.feature:5)
</failure>
  </testcase>
  <testcase name="Unsuccessfully add an item to an order due to wrong state #3" classname="ca.mcgill.ecse.coolsupplies.features.CucumberFeaturesTestRunner" time="0.008">
    <failure message="io.cucumber.java.PendingException: TODO: implement me" type="io.cucumber.java.PendingException">io.cucumber.java.PendingException: TODO: implement me
	at app//ca.mcgill.ecse.coolsupplies.features.OrderStepDefinitions.the_following_parent_entities_exist_in_the_system(OrderStepDefinitions.java:18)
	at ✽.the following parent entities exist in the system(file:///Users/zhengxuanzhao/IdeaProjects/ecse223-group-project-p8/src/test/resources/ProcessOrder.feature:5)
</failure>
  </testcase>
  <testcase name="Unsuccessfully add an item to an order due to wrong state #4" classname="ca.mcgill.ecse.coolsupplies.features.CucumberFeaturesTestRunner" time="0.008">
    <failure message="io.cucumber.java.PendingException: TODO: implement me" type="io.cucumber.java.PendingException">io.cucumber.java.PendingException: TODO: implement me
	at app//ca.mcgill.ecse.coolsupplies.features.OrderStepDefinitions.the_following_parent_entities_exist_in_the_system(OrderStepDefinitions.java:18)
	at ✽.the following parent entities exist in the system(file:///Users/zhengxuanzhao/IdeaProjects/ecse223-group-project-p8/src/test/resources/ProcessOrder.feature:5)
</failure>
  </testcase>
  <testcase name="Successfully update an item in an order #1" classname="ca.mcgill.ecse.coolsupplies.features.CucumberFeaturesTestRunner" time="0.008">
    <failure message="io.cucumber.java.PendingException: TODO: implement me" type="io.cucumber.java.PendingException">io.cucumber.java.PendingException: TODO: implement me
	at app//ca.mcgill.ecse.coolsupplies.features.OrderStepDefinitions.the_following_parent_entities_exist_in_the_system(OrderStepDefinitions.java:18)
	at ✽.the following parent entities exist in the system(file:///Users/zhengxuanzhao/IdeaProjects/ecse223-group-project-p8/src/test/resources/ProcessOrder.feature:5)
</failure>
  </testcase>
  <testcase name="Successfully update an item in an order #2" classname="ca.mcgill.ecse.coolsupplies.features.CucumberFeaturesTestRunner" time="0.008">
    <failure message="io.cucumber.java.PendingException: TODO: implement me" type="io.cucumber.java.PendingException">io.cucumber.java.PendingException: TODO: implement me
	at app//ca.mcgill.ecse.coolsupplies.features.OrderStepDefinitions.the_following_parent_entities_exist_in_the_system(OrderStepDefinitions.java:18)
	at ✽.the following parent entities exist in the system(file:///Users/zhengxuanzhao/IdeaProjects/ecse223-group-project-p8/src/test/resources/ProcessOrder.feature:5)
</failure>
  </testcase>
  <testcase name="Unsuccessfully update an item in an order due to wrong input #1" classname="ca.mcgill.ecse.coolsupplies.features.CucumberFeaturesTestRunner" time="0.008">
    <failure message="io.cucumber.java.PendingException: TODO: implement me" type="io.cucumber.java.PendingException">io.cucumber.java.PendingException: TODO: implement me
	at app//ca.mcgill.ecse.coolsupplies.features.OrderStepDefinitions.the_following_parent_entities_exist_in_the_system(OrderStepDefinitions.java:18)
	at ✽.the following parent entities exist in the system(file:///Users/zhengxuanzhao/IdeaProjects/ecse223-group-project-p8/src/test/resources/ProcessOrder.feature:5)
</failure>
  </testcase>
  <testcase name="Unsuccessfully update an item in an order due to wrong input #2" classname="ca.mcgill.ecse.coolsupplies.features.CucumberFeaturesTestRunner" time="0.009">
    <failure message="io.cucumber.java.PendingException: TODO: implement me" type="io.cucumber.java.PendingException">io.cucumber.java.PendingException: TODO: implement me
	at app//ca.mcgill.ecse.coolsupplies.features.OrderStepDefinitions.the_following_parent_entities_exist_in_the_system(OrderStepDefinitions.java:18)
	at ✽.the following parent entities exist in the system(file:///Users/zhengxuanzhao/IdeaProjects/ecse223-group-project-p8/src/test/resources/ProcessOrder.feature:5)
</failure>
  </testcase>
  <testcase name="Unsuccessfully update an item in an order due to wrong input #3" classname="ca.mcgill.ecse.coolsupplies.features.CucumberFeaturesTestRunner" time="0.011">
    <failure message="io.cucumber.java.PendingException: TODO: implement me" type="io.cucumber.java.PendingException">io.cucumber.java.PendingException: TODO: implement me
	at app//ca.mcgill.ecse.coolsupplies.features.OrderStepDefinitions.the_following_parent_entities_exist_in_the_system(OrderStepDefinitions.java:18)
	at ✽.the following parent entities exist in the system(file:///Users/zhengxuanzhao/IdeaProjects/ecse223-group-project-p8/src/test/resources/ProcessOrder.feature:5)
</failure>
  </testcase>
  <testcase name="Unsuccessfully update an item in an order due to wrong input #4" classname="ca.mcgill.ecse.coolsupplies.features.CucumberFeaturesTestRunner" time="0.013">
    <failure message="io.cucumber.java.PendingException: TODO: implement me" type="io.cucumber.java.PendingException">io.cucumber.java.PendingException: TODO: implement me
	at app//ca.mcgill.ecse.coolsupplies.features.OrderStepDefinitions.the_following_parent_entities_exist_in_the_system(OrderStepDefinitions.java:18)
	at ✽.the following parent entities exist in the system(file:///Users/zhengxuanzhao/IdeaProjects/ecse223-group-project-p8/src/test/resources/ProcessOrder.feature:5)
</failure>
  </testcase>
  <testcase name="Unsuccessfully update an item in an order due to wrong input #5" classname="ca.mcgill.ecse.coolsupplies.features.CucumberFeaturesTestRunner" time="0.015">
    <failure message="io.cucumber.java.PendingException: TODO: implement me" type="io.cucumber.java.PendingException">io.cucumber.java.PendingException: TODO: implement me
	at app//ca.mcgill.ecse.coolsupplies.features.OrderStepDefinitions.the_following_parent_entities_exist_in_the_system(OrderStepDefinitions.java:18)
	at ✽.the following parent entities exist in the system(file:///Users/zhengxuanzhao/IdeaProjects/ecse223-group-project-p8/src/test/resources/ProcessOrder.feature:5)
</failure>
  </testcase>
  <testcase name="Unsuccessfully update an item in an order due to non-existing order #1" classname="ca.mcgill.ecse.coolsupplies.features.CucumberFeaturesTestRunner" time="0.015">
    <failure message="io.cucumber.java.PendingException: TODO: implement me" type="io.cucumber.java.PendingException">io.cucumber.java.PendingException: TODO: implement me
	at app//ca.mcgill.ecse.coolsupplies.features.OrderStepDefinitions.the_following_parent_entities_exist_in_the_system(OrderStepDefinitions.java:18)
	at ✽.the following parent entities exist in the system(file:///Users/zhengxuanzhao/IdeaProjects/ecse223-group-project-p8/src/test/resources/ProcessOrder.feature:5)
</failure>
  </testcase>
  <testcase name="Unsuccessfully update an item in an order due to non-existing order #2" classname="ca.mcgill.ecse.coolsupplies.features.CucumberFeaturesTestRunner" time="0.013">
    <failure message="io.cucumber.java.PendingException: TODO: implement me" type="io.cucumber.java.PendingException">io.cucumber.java.PendingException: TODO: implement me
	at app//ca.mcgill.ecse.coolsupplies.features.OrderStepDefinitions.the_following_parent_entities_exist_in_the_system(OrderStepDefinitions.java:18)
	at ✽.the following parent entities exist in the system(file:///Users/zhengxuanzhao/IdeaProjects/ecse223-group-project-p8/src/test/resources/ProcessOrder.feature:5)
</failure>
  </testcase>
  <testcase name="Unsuccessfully update an item in an order due to wrong state #1" classname="ca.mcgill.ecse.coolsupplies.features.CucumberFeaturesTestRunner" time="0.013">
    <failure message="io.cucumber.java.PendingException: TODO: implement me" type="io.cucumber.java.PendingException">io.cucumber.java.PendingException: TODO: implement me
	at app//ca.mcgill.ecse.coolsupplies.features.OrderStepDefinitions.the_following_parent_entities_exist_in_the_system(OrderStepDefinitions.java:18)
	at ✽.the following parent entities exist in the system(file:///Users/zhengxuanzhao/IdeaProjects/ecse223-group-project-p8/src/test/resources/ProcessOrder.feature:5)
</failure>
  </testcase>
  <testcase name="Unsuccessfully update an item in an order due to wrong state #2" classname="ca.mcgill.ecse.coolsupplies.features.CucumberFeaturesTestRunner" time="0.008">
    <failure message="io.cucumber.java.PendingException: TODO: implement me" type="io.cucumber.java.PendingException">io.cucumber.java.PendingException: TODO: implement me
	at app//ca.mcgill.ecse.coolsupplies.features.OrderStepDefinitions.the_following_parent_entities_exist_in_the_system(OrderStepDefinitions.java:18)
	at ✽.the following parent entities exist in the system(file:///Users/zhengxuanzhao/IdeaProjects/ecse223-group-project-p8/src/test/resources/ProcessOrder.feature:5)
</failure>
  </testcase>
  <testcase name="Unsuccessfully update an item in an order due to wrong state #3" classname="ca.mcgill.ecse.coolsupplies.features.CucumberFeaturesTestRunner" time="0.011">
    <failure message="io.cucumber.java.PendingException: TODO: implement me" type="io.cucumber.java.PendingException">io.cucumber.java.PendingException: TODO: implement me
	at app//ca.mcgill.ecse.coolsupplies.features.OrderStepDefinitions.the_following_parent_entities_exist_in_the_system(OrderStepDefinitions.java:18)
	at ✽.the following parent entities exist in the system(file:///Users/zhengxuanzhao/IdeaProjects/ecse223-group-project-p8/src/test/resources/ProcessOrder.feature:5)
</failure>
  </testcase>
  <testcase name="Unsuccessfully update an item in an order due to wrong state #4" classname="ca.mcgill.ecse.coolsupplies.features.CucumberFeaturesTestRunner" time="0.012">
    <failure message="io.cucumber.java.PendingException: TODO: implement me" type="io.cucumber.java.PendingException">io.cucumber.java.PendingException: TODO: implement me
	at app//ca.mcgill.ecse.coolsupplies.features.OrderStepDefinitions.the_following_parent_entities_exist_in_the_system(OrderStepDefinitions.java:18)
	at ✽.the following parent entities exist in the system(file:///Users/zhengxuanzhao/IdeaProjects/ecse223-group-project-p8/src/test/resources/ProcessOrder.feature:5)
</failure>
  </testcase>
  <testcase name="Successfully delete an item from an order #1" classname="ca.mcgill.ecse.coolsupplies.features.CucumberFeaturesTestRunner" time="0.011">
    <failure message="io.cucumber.java.PendingException: TODO: implement me" type="io.cucumber.java.PendingException">io.cucumber.java.PendingException: TODO: implement me
	at app//ca.mcgill.ecse.coolsupplies.features.OrderStepDefinitions.the_following_parent_entities_exist_in_the_system(OrderStepDefinitions.java:18)
	at ✽.the following parent entities exist in the system(file:///Users/zhengxuanzhao/IdeaProjects/ecse223-group-project-p8/src/test/resources/ProcessOrder.feature:5)
</failure>
  </testcase>
  <testcase name="Successfully delete an item from an order #2" classname="ca.mcgill.ecse.coolsupplies.features.CucumberFeaturesTestRunner" time="0.012">
    <failure message="io.cucumber.java.PendingException: TODO: implement me" type="io.cucumber.java.PendingException">io.cucumber.java.PendingException: TODO: implement me
	at app//ca.mcgill.ecse.coolsupplies.features.OrderStepDefinitions.the_following_parent_entities_exist_in_the_system(OrderStepDefinitions.java:18)
	at ✽.the following parent entities exist in the system(file:///Users/zhengxuanzhao/IdeaProjects/ecse223-group-project-p8/src/test/resources/ProcessOrder.feature:5)
</failure>
  </testcase>
  <testcase name="Unsuccessfully delete an item from an order due to wrong input #1" classname="ca.mcgill.ecse.coolsupplies.features.CucumberFeaturesTestRunner" time="0.011">
    <failure message="io.cucumber.java.PendingException: TODO: implement me" type="io.cucumber.java.PendingException">io.cucumber.java.PendingException: TODO: implement me
	at app//ca.mcgill.ecse.coolsupplies.features.OrderStepDefinitions.the_following_parent_entities_exist_in_the_system(OrderStepDefinitions.java:18)
	at ✽.the following parent entities exist in the system(file:///Users/zhengxuanzhao/IdeaProjects/ecse223-group-project-p8/src/test/resources/ProcessOrder.feature:5)
</failure>
  </testcase>
  <testcase name="Unsuccessfully delete an item from an order due to wrong input #2" classname="ca.mcgill.ecse.coolsupplies.features.CucumberFeaturesTestRunner" time="0.02">
    <failure message="io.cucumber.java.PendingException: TODO: implement me" type="io.cucumber.java.PendingException">io.cucumber.java.PendingException: TODO: implement me
	at app//ca.mcgill.ecse.coolsupplies.features.OrderStepDefinitions.the_following_parent_entities_exist_in_the_system(OrderStepDefinitions.java:18)
	at ✽.the following parent entities exist in the system(file:///Users/zhengxuanzhao/IdeaProjects/ecse223-group-project-p8/src/test/resources/ProcessOrder.feature:5)
</failure>
  </testcase>
  <testcase name="Unsuccessfully delete an item from an order due to wrong input #3" classname="ca.mcgill.ecse.coolsupplies.features.CucumberFeaturesTestRunner" time="0.022">
    <failure message="io.cucumber.java.PendingException: TODO: implement me" type="io.cucumber.java.PendingException">io.cucumber.java.PendingException: TODO: implement me
	at app//ca.mcgill.ecse.coolsupplies.features.OrderStepDefinitions.the_following_parent_entities_exist_in_the_system(OrderStepDefinitions.java:18)
	at ✽.the following parent entities exist in the system(file:///Users/zhengxuanzhao/IdeaProjects/ecse223-group-project-p8/src/test/resources/ProcessOrder.feature:5)
</failure>
  </testcase>
  <testcase name="Unsuccessfully delete an item from an order due to non-existing order #1" classname="ca.mcgill.ecse.coolsupplies.features.CucumberFeaturesTestRunner" time="0.015">
    <failure message="io.cucumber.java.PendingException: TODO: implement me" type="io.cucumber.java.PendingException">io.cucumber.java.PendingException: TODO: implement me
	at app//ca.mcgill.ecse.coolsupplies.features.OrderStepDefinitions.the_following_parent_entities_exist_in_the_system(OrderStepDefinitions.java:18)
	at ✽.the following parent entities exist in the system(file:///Users/zhengxuanzhao/IdeaProjects/ecse223-group-project-p8/src/test/resources/ProcessOrder.feature:5)
</failure>
  </testcase>
  <testcase name="Unsuccessfully delete an item from an order due to non-existing order #2" classname="ca.mcgill.ecse.coolsupplies.features.CucumberFeaturesTestRunner" time="0.013">
    <failure message="io.cucumber.java.PendingException: TODO: implement me" type="io.cucumber.java.PendingException">io.cucumber.java.PendingException: TODO: implement me
	at app//ca.mcgill.ecse.coolsupplies.features.OrderStepDefinitions.the_following_parent_entities_exist_in_the_system(OrderStepDefinitions.java:18)
	at ✽.the following parent entities exist in the system(file:///Users/zhengxuanzhao/IdeaProjects/ecse223-group-project-p8/src/test/resources/ProcessOrder.feature:5)
</failure>
  </testcase>
  <testcase name="Unsuccessfully delete an item from an order due to wrong state #1" classname="ca.mcgill.ecse.coolsupplies.features.CucumberFeaturesTestRunner" time="0.014">
    <failure message="io.cucumber.java.PendingException: TODO: implement me" type="io.cucumber.java.PendingException">io.cucumber.java.PendingException: TODO: implement me
	at app//ca.mcgill.ecse.coolsupplies.features.OrderStepDefinitions.the_following_parent_entities_exist_in_the_system(OrderStepDefinitions.java:18)
	at ✽.the following parent entities exist in the system(file:///Users/zhengxuanzhao/IdeaProjects/ecse223-group-project-p8/src/test/resources/ProcessOrder.feature:5)
</failure>
  </testcase>
  <testcase name="Unsuccessfully delete an item from an order due to wrong state #2" classname="ca.mcgill.ecse.coolsupplies.features.CucumberFeaturesTestRunner" time="0.014">
    <failure message="io.cucumber.java.PendingException: TODO: implement me" type="io.cucumber.java.PendingException">io.cucumber.java.PendingException: TODO: implement me
	at app//ca.mcgill.ecse.coolsupplies.features.OrderStepDefinitions.the_following_parent_entities_exist_in_the_system(OrderStepDefinitions.java:18)
	at ✽.the following parent entities exist in the system(file:///Users/zhengxuanzhao/IdeaProjects/ecse223-group-project-p8/src/test/resources/ProcessOrder.feature:5)
</failure>
  </testcase>
  <testcase name="Unsuccessfully delete an item from an order due to wrong state #3" classname="ca.mcgill.ecse.coolsupplies.features.CucumberFeaturesTestRunner" time="0.012">
    <failure message="io.cucumber.java.PendingException: TODO: implement me" type="io.cucumber.java.PendingException">io.cucumber.java.PendingException: TODO: implement me
	at app//ca.mcgill.ecse.coolsupplies.features.OrderStepDefinitions.the_following_parent_entities_exist_in_the_system(OrderStepDefinitions.java:18)
	at ✽.the following parent entities exist in the system(file:///Users/zhengxuanzhao/IdeaProjects/ecse223-group-project-p8/src/test/resources/ProcessOrder.feature:5)
</failure>
  </testcase>
  <testcase name="Unsuccessfully delete an item from an order due to wrong state #4" classname="ca.mcgill.ecse.coolsupplies.features.CucumberFeaturesTestRunner" time="0.01">
    <failure message="io.cucumber.java.PendingException: TODO: implement me" type="io.cucumber.java.PendingException">io.cucumber.java.PendingException: TODO: implement me
	at app//ca.mcgill.ecse.coolsupplies.features.OrderStepDefinitions.the_following_parent_entities_exist_in_the_system(OrderStepDefinitions.java:18)
	at ✽.the following parent entities exist in the system(file:///Users/zhengxuanzhao/IdeaProjects/ecse223-group-project-p8/src/test/resources/ProcessOrder.feature:5)
</failure>
  </testcase>
  <testcase name="Successfully pay for a started order #1" classname="ca.mcgill.ecse.coolsupplies.features.CucumberFeaturesTestRunner" time="0.011">
    <failure message="io.cucumber.java.PendingException: TODO: implement me" type="io.cucumber.java.PendingException">io.cucumber.java.PendingException: TODO: implement me
	at app//ca.mcgill.ecse.coolsupplies.features.OrderStepDefinitions.the_following_parent_entities_exist_in_the_system(OrderStepDefinitions.java:18)
	at ✽.the following parent entities exist in the system(file:///Users/zhengxuanzhao/IdeaProjects/ecse223-group-project-p8/src/test/resources/ProcessOrder.feature:5)
</failure>
  </testcase>
  <testcase name="Successfully pay for a started order #2" classname="ca.mcgill.ecse.coolsupplies.features.CucumberFeaturesTestRunner" time="0.011">
    <failure message="io.cucumber.java.PendingException: TODO: implement me" type="io.cucumber.java.PendingException">io.cucumber.java.PendingException: TODO: implement me
	at app//ca.mcgill.ecse.coolsupplies.features.OrderStepDefinitions.the_following_parent_entities_exist_in_the_system(OrderStepDefinitions.java:18)
	at ✽.the following parent entities exist in the system(file:///Users/zhengxuanzhao/IdeaProjects/ecse223-group-project-p8/src/test/resources/ProcessOrder.feature:5)
</failure>
  </testcase>
  <testcase name="Unsuccessfully pay for an order due to no items #1" classname="ca.mcgill.ecse.coolsupplies.features.CucumberFeaturesTestRunner" time="0.008">
    <failure message="io.cucumber.java.PendingException: TODO: implement me" type="io.cucumber.java.PendingException">io.cucumber.java.PendingException: TODO: implement me
	at app//ca.mcgill.ecse.coolsupplies.features.OrderStepDefinitions.the_following_parent_entities_exist_in_the_system(OrderStepDefinitions.java:18)
	at ✽.the following parent entities exist in the system(file:///Users/zhengxuanzhao/IdeaProjects/ecse223-group-project-p8/src/test/resources/ProcessOrder.feature:5)
</failure>
  </testcase>
  <testcase name="Unsuccessfully pay for an order due to no items #2" classname="ca.mcgill.ecse.coolsupplies.features.CucumberFeaturesTestRunner" time="0.008">
    <failure message="io.cucumber.java.PendingException: TODO: implement me" type="io.cucumber.java.PendingException">io.cucumber.java.PendingException: TODO: implement me
	at app//ca.mcgill.ecse.coolsupplies.features.OrderStepDefinitions.the_following_parent_entities_exist_in_the_system(OrderStepDefinitions.java:18)
	at ✽.the following parent entities exist in the system(file:///Users/zhengxuanzhao/IdeaProjects/ecse223-group-project-p8/src/test/resources/ProcessOrder.feature:5)
</failure>
  </testcase>
  <testcase name="Unsuccessfully pay for an order due to no items #3" classname="ca.mcgill.ecse.coolsupplies.features.CucumberFeaturesTestRunner" time="0.009">
    <failure message="io.cucumber.java.PendingException: TODO: implement me" type="io.cucumber.java.PendingException">io.cucumber.java.PendingException: TODO: implement me
	at app//ca.mcgill.ecse.coolsupplies.features.OrderStepDefinitions.the_following_parent_entities_exist_in_the_system(OrderStepDefinitions.java:18)
	at ✽.the following parent entities exist in the system(file:///Users/zhengxuanzhao/IdeaProjects/ecse223-group-project-p8/src/test/resources/ProcessOrder.feature:5)
</failure>
  </testcase>
  <testcase name="Unsuccessfully pay for an order due to wrong input" classname="ca.mcgill.ecse.coolsupplies.features.CucumberFeaturesTestRunner" time="0.01">
    <failure message="io.cucumber.java.PendingException: TODO: implement me" type="io.cucumber.java.PendingException">io.cucumber.java.PendingException: TODO: implement me
	at app//ca.mcgill.ecse.coolsupplies.features.OrderStepDefinitions.the_following_parent_entities_exist_in_the_system(OrderStepDefinitions.java:18)
	at ✽.the following parent entities exist in the system(file:///Users/zhengxuanzhao/IdeaProjects/ecse223-group-project-p8/src/test/resources/ProcessOrder.feature:5)
</failure>
  </testcase>
  <testcase name="Unsuccessfully pay for an order due to non-existing order #1" classname="ca.mcgill.ecse.coolsupplies.features.CucumberFeaturesTestRunner" time="0.012">
    <failure message="io.cucumber.java.PendingException: TODO: implement me" type="io.cucumber.java.PendingException">io.cucumber.java.PendingException: TODO: implement me
	at app//ca.mcgill.ecse.coolsupplies.features.OrderStepDefinitions.the_following_parent_entities_exist_in_the_system(OrderStepDefinitions.java:18)
	at ✽.the following parent entities exist in the system(file:///Users/zhengxuanzhao/IdeaProjects/ecse223-group-project-p8/src/test/resources/ProcessOrder.feature:5)
</failure>
  </testcase>
  <testcase name="Unsuccessfully pay for an order due to non-existing order #2" classname="ca.mcgill.ecse.coolsupplies.features.CucumberFeaturesTestRunner" time="0.012">
    <failure message="io.cucumber.java.PendingException: TODO: implement me" type="io.cucumber.java.PendingException">io.cucumber.java.PendingException: TODO: implement me
	at app//ca.mcgill.ecse.coolsupplies.features.OrderStepDefinitions.the_following_parent_entities_exist_in_the_system(OrderStepDefinitions.java:18)
	at ✽.the following parent entities exist in the system(file:///Users/zhengxuanzhao/IdeaProjects/ecse223-group-project-p8/src/test/resources/ProcessOrder.feature:5)
</failure>
  </testcase>
  <testcase name="Unsuccessfully pay for an order due to wrong state #1" classname="ca.mcgill.ecse.coolsupplies.features.CucumberFeaturesTestRunner" time="0.008">
    <failure message="io.cucumber.java.PendingException: TODO: implement me" type="io.cucumber.java.PendingException">io.cucumber.java.PendingException: TODO: implement me
	at app//ca.mcgill.ecse.coolsupplies.features.OrderStepDefinitions.the_following_parent_entities_exist_in_the_system(OrderStepDefinitions.java:18)
	at ✽.the following parent entities exist in the system(file:///Users/zhengxuanzhao/IdeaProjects/ecse223-group-project-p8/src/test/resources/ProcessOrder.feature:5)
</failure>
  </testcase>
  <testcase name="Unsuccessfully pay for an order due to wrong state #2" classname="ca.mcgill.ecse.coolsupplies.features.CucumberFeaturesTestRunner" time="0.008">
    <failure message="io.cucumber.java.PendingException: TODO: implement me" type="io.cucumber.java.PendingException">io.cucumber.java.PendingException: TODO: implement me
	at app//ca.mcgill.ecse.coolsupplies.features.OrderStepDefinitions.the_following_parent_entities_exist_in_the_system(OrderStepDefinitions.java:18)
	at ✽.the following parent entities exist in the system(file:///Users/zhengxuanzhao/IdeaProjects/ecse223-group-project-p8/src/test/resources/ProcessOrder.feature:5)
</failure>
  </testcase>
  <testcase name="Unsuccessfully pay for an order due to wrong state #3" classname="ca.mcgill.ecse.coolsupplies.features.CucumberFeaturesTestRunner" time="0.009">
    <failure message="io.cucumber.java.PendingException: TODO: implement me" type="io.cucumber.java.PendingException">io.cucumber.java.PendingException: TODO: implement me
	at app//ca.mcgill.ecse.coolsupplies.features.OrderStepDefinitions.the_following_parent_entities_exist_in_the_system(OrderStepDefinitions.java:18)
	at ✽.the following parent entities exist in the system(file:///Users/zhengxuanzhao/IdeaProjects/ecse223-group-project-p8/src/test/resources/ProcessOrder.feature:5)
</failure>
  </testcase>
  <testcase name="Unsuccessfully pay for an order due to wrong state #4" classname="ca.mcgill.ecse.coolsupplies.features.CucumberFeaturesTestRunner" time="0.008">
    <failure message="io.cucumber.java.PendingException: TODO: implement me" type="io.cucumber.java.PendingException">io.cucumber.java.PendingException: TODO: implement me
	at app//ca.mcgill.ecse.coolsupplies.features.OrderStepDefinitions.the_following_parent_entities_exist_in_the_system(OrderStepDefinitions.java:18)
	at ✽.the following parent entities exist in the system(file:///Users/zhengxuanzhao/IdeaProjects/ecse223-group-project-p8/src/test/resources/ProcessOrder.feature:5)
</failure>
  </testcase>
  <testcase name="Successfully cancel a started order #1" classname="ca.mcgill.ecse.coolsupplies.features.CucumberFeaturesTestRunner" time="0.008">
    <failure message="io.cucumber.java.PendingException: TODO: implement me" type="io.cucumber.java.PendingException">io.cucumber.java.PendingException: TODO: implement me
	at app//ca.mcgill.ecse.coolsupplies.features.OrderStepDefinitions.the_following_parent_entities_exist_in_the_system(OrderStepDefinitions.java:18)
	at ✽.the following parent entities exist in the system(file:///Users/zhengxuanzhao/IdeaProjects/ecse223-group-project-p8/src/test/resources/ProcessOrder.feature:5)
</failure>
  </testcase>
  <testcase name="Successfully cancel a started order #2" classname="ca.mcgill.ecse.coolsupplies.features.CucumberFeaturesTestRunner" time="0.008">
    <failure message="io.cucumber.java.PendingException: TODO: implement me" type="io.cucumber.java.PendingException">io.cucumber.java.PendingException: TODO: implement me
	at app//ca.mcgill.ecse.coolsupplies.features.OrderStepDefinitions.the_following_parent_entities_exist_in_the_system(OrderStepDefinitions.java:18)
	at ✽.the following parent entities exist in the system(file:///Users/zhengxuanzhao/IdeaProjects/ecse223-group-project-p8/src/test/resources/ProcessOrder.feature:5)
</failure>
  </testcase>
  <testcase name="Successfully cancel a started order #3" classname="ca.mcgill.ecse.coolsupplies.features.CucumberFeaturesTestRunner" time="0.009">
    <failure message="io.cucumber.java.PendingException: TODO: implement me" type="io.cucumber.java.PendingException">io.cucumber.java.PendingException: TODO: implement me
	at app//ca.mcgill.ecse.coolsupplies.features.OrderStepDefinitions.the_following_parent_entities_exist_in_the_system(OrderStepDefinitions.java:18)
	at ✽.the following parent entities exist in the system(file:///Users/zhengxuanzhao/IdeaProjects/ecse223-group-project-p8/src/test/resources/ProcessOrder.feature:5)
</failure>
  </testcase>
  <testcase name="Successfully cancel a started order #4" classname="ca.mcgill.ecse.coolsupplies.features.CucumberFeaturesTestRunner" time="0.012">
    <failure message="io.cucumber.java.PendingException: TODO: implement me" type="io.cucumber.java.PendingException">io.cucumber.java.PendingException: TODO: implement me
	at app//ca.mcgill.ecse.coolsupplies.features.OrderStepDefinitions.the_following_parent_entities_exist_in_the_system(OrderStepDefinitions.java:18)
	at ✽.the following parent entities exist in the system(file:///Users/zhengxuanzhao/IdeaProjects/ecse223-group-project-p8/src/test/resources/ProcessOrder.feature:5)
</failure>
  </testcase>
  <testcase name="Successfully cancel a paid order #1" classname="ca.mcgill.ecse.coolsupplies.features.CucumberFeaturesTestRunner" time="0.01">
    <failure message="io.cucumber.java.PendingException: TODO: implement me" type="io.cucumber.java.PendingException">io.cucumber.java.PendingException: TODO: implement me
	at app//ca.mcgill.ecse.coolsupplies.features.OrderStepDefinitions.the_following_parent_entities_exist_in_the_system(OrderStepDefinitions.java:18)
	at ✽.the following parent entities exist in the system(file:///Users/zhengxuanzhao/IdeaProjects/ecse223-group-project-p8/src/test/resources/ProcessOrder.feature:5)
</failure>
  </testcase>
  <testcase name="Successfully cancel a paid order #2" classname="ca.mcgill.ecse.coolsupplies.features.CucumberFeaturesTestRunner" time="0.016">
    <failure message="io.cucumber.java.PendingException: TODO: implement me" type="io.cucumber.java.PendingException">io.cucumber.java.PendingException: TODO: implement me
	at app//ca.mcgill.ecse.coolsupplies.features.OrderStepDefinitions.the_following_parent_entities_exist_in_the_system(OrderStepDefinitions.java:18)
	at ✽.the following parent entities exist in the system(file:///Users/zhengxuanzhao/IdeaProjects/ecse223-group-project-p8/src/test/resources/ProcessOrder.feature:5)
</failure>
  </testcase>
  <testcase name="Successfully cancel a paid order #3" classname="ca.mcgill.ecse.coolsupplies.features.CucumberFeaturesTestRunner" time="0.008">
    <failure message="io.cucumber.java.PendingException: TODO: implement me" type="io.cucumber.java.PendingException">io.cucumber.java.PendingException: TODO: implement me
	at app//ca.mcgill.ecse.coolsupplies.features.OrderStepDefinitions.the_following_parent_entities_exist_in_the_system(OrderStepDefinitions.java:18)
	at ✽.the following parent entities exist in the system(file:///Users/zhengxuanzhao/IdeaProjects/ecse223-group-project-p8/src/test/resources/ProcessOrder.feature:5)
</failure>
  </testcase>
  <testcase name="Successfully cancel a paid order #4" classname="ca.mcgill.ecse.coolsupplies.features.CucumberFeaturesTestRunner" time="0.009">
    <failure message="io.cucumber.java.PendingException: TODO: implement me" type="io.cucumber.java.PendingException">io.cucumber.java.PendingException: TODO: implement me
	at app//ca.mcgill.ecse.coolsupplies.features.OrderStepDefinitions.the_following_parent_entities_exist_in_the_system(OrderStepDefinitions.java:18)
	at ✽.the following parent entities exist in the system(file:///Users/zhengxuanzhao/IdeaProjects/ecse223-group-project-p8/src/test/resources/ProcessOrder.feature:5)
</failure>
  </testcase>
  <testcase name="Unsuccessfully cancel an order due to non-existing order #1" classname="ca.mcgill.ecse.coolsupplies.features.CucumberFeaturesTestRunner" time="0.008">
    <failure message="io.cucumber.java.PendingException: TODO: implement me" type="io.cucumber.java.PendingException">io.cucumber.java.PendingException: TODO: implement me
	at app//ca.mcgill.ecse.coolsupplies.features.OrderStepDefinitions.the_following_parent_entities_exist_in_the_system(OrderStepDefinitions.java:18)
	at ✽.the following parent entities exist in the system(file:///Users/zhengxuanzhao/IdeaProjects/ecse223-group-project-p8/src/test/resources/ProcessOrder.feature:5)
</failure>
  </testcase>
  <testcase name="Unsuccessfully cancel an order due to non-existing order #2" classname="ca.mcgill.ecse.coolsupplies.features.CucumberFeaturesTestRunner" time="0.008">
    <failure message="io.cucumber.java.PendingException: TODO: implement me" type="io.cucumber.java.PendingException">io.cucumber.java.PendingException: TODO: implement me
	at app//ca.mcgill.ecse.coolsupplies.features.OrderStepDefinitions.the_following_parent_entities_exist_in_the_system(OrderStepDefinitions.java:18)
	at ✽.the following parent entities exist in the system(file:///Users/zhengxuanzhao/IdeaProjects/ecse223-group-project-p8/src/test/resources/ProcessOrder.feature:5)
</failure>
  </testcase>
  <testcase name="Unsuccessfully cancel an order due to wrong state #1" classname="ca.mcgill.ecse.coolsupplies.features.CucumberFeaturesTestRunner" time="0.009">
    <failure message="io.cucumber.java.PendingException: TODO: implement me" type="io.cucumber.java.PendingException">io.cucumber.java.PendingException: TODO: implement me
	at app//ca.mcgill.ecse.coolsupplies.features.OrderStepDefinitions.the_following_parent_entities_exist_in_the_system(OrderStepDefinitions.java:18)
	at ✽.the following parent entities exist in the system(file:///Users/zhengxuanzhao/IdeaProjects/ecse223-group-project-p8/src/test/resources/ProcessOrder.feature:5)
</failure>
  </testcase>
  <testcase name="Unsuccessfully cancel an order due to wrong state #2" classname="ca.mcgill.ecse.coolsupplies.features.CucumberFeaturesTestRunner" time="0.011">
    <failure message="io.cucumber.java.PendingException: TODO: implement me" type="io.cucumber.java.PendingException">io.cucumber.java.PendingException: TODO: implement me
	at app//ca.mcgill.ecse.coolsupplies.features.OrderStepDefinitions.the_following_parent_entities_exist_in_the_system(OrderStepDefinitions.java:18)
	at ✽.the following parent entities exist in the system(file:///Users/zhengxuanzhao/IdeaProjects/ecse223-group-project-p8/src/test/resources/ProcessOrder.feature:5)
</failure>
  </testcase>
  <testcase name="Unsuccessfully cancel an order due to wrong state #3" classname="ca.mcgill.ecse.coolsupplies.features.CucumberFeaturesTestRunner" time="0.009">
    <failure message="io.cucumber.java.PendingException: TODO: implement me" type="io.cucumber.java.PendingException">io.cucumber.java.PendingException: TODO: implement me
	at app//ca.mcgill.ecse.coolsupplies.features.OrderStepDefinitions.the_following_parent_entities_exist_in_the_system(OrderStepDefinitions.java:18)
	at ✽.the following parent entities exist in the system(file:///Users/zhengxuanzhao/IdeaProjects/ecse223-group-project-p8/src/test/resources/ProcessOrder.feature:5)
</failure>
  </testcase>
  <testcase name="Successfully start a school year for a started order #1" classname="ca.mcgill.ecse.coolsupplies.features.CucumberFeaturesTestRunner" time="0.01">
    <failure message="io.cucumber.java.PendingException: TODO: implement me" type="io.cucumber.java.PendingException">io.cucumber.java.PendingException: TODO: implement me
	at app//ca.mcgill.ecse.coolsupplies.features.OrderStepDefinitions.the_following_parent_entities_exist_in_the_system(OrderStepDefinitions.java:18)
	at ✽.the following parent entities exist in the system(file:///Users/zhengxuanzhao/IdeaProjects/ecse223-group-project-p8/src/test/resources/ProcessOrder.feature:5)
</failure>
  </testcase>
  <testcase name="Successfully start a school year for a started order #2" classname="ca.mcgill.ecse.coolsupplies.features.CucumberFeaturesTestRunner" time="0.008">
    <failure message="io.cucumber.java.PendingException: TODO: implement me" type="io.cucumber.java.PendingException">io.cucumber.java.PendingException: TODO: implement me
	at app//ca.mcgill.ecse.coolsupplies.features.OrderStepDefinitions.the_following_parent_entities_exist_in_the_system(OrderStepDefinitions.java:18)
	at ✽.the following parent entities exist in the system(file:///Users/zhengxuanzhao/IdeaProjects/ecse223-group-project-p8/src/test/resources/ProcessOrder.feature:5)
</failure>
  </testcase>
  <testcase name="Successfully start a school year for a started order #3" classname="ca.mcgill.ecse.coolsupplies.features.CucumberFeaturesTestRunner" time="0.008">
    <failure message="io.cucumber.java.PendingException: TODO: implement me" type="io.cucumber.java.PendingException">io.cucumber.java.PendingException: TODO: implement me
	at app//ca.mcgill.ecse.coolsupplies.features.OrderStepDefinitions.the_following_parent_entities_exist_in_the_system(OrderStepDefinitions.java:18)
	at ✽.the following parent entities exist in the system(file:///Users/zhengxuanzhao/IdeaProjects/ecse223-group-project-p8/src/test/resources/ProcessOrder.feature:5)
</failure>
  </testcase>
  <testcase name="Successfully start a school year for a started order #4" classname="ca.mcgill.ecse.coolsupplies.features.CucumberFeaturesTestRunner" time="0.007">
[...]
  ?[32mWhen ?[0m?[32mthe school admin attempts to update school admin ?[0m?[32m?[1m"admin@cool.ca"?[0m?[32m in the system with password ?[0m?[32m?[1m"!WWW"?[0m?[32m (p7)?[0m                                    ?[90m# ca.mcgill.ecse.coolsupplies.features.UpdatePasswordOfSchoolAdminStepDefinitions.the_school_admin_attempts_to_update_school_admin_in_the_system_with_password_p7(java.lang.String,java.lang.String)?[0m
  ?[32mThen ?[0m?[32mthe number of school admin entities in the system shall be ?[0m?[32m?[1m"1"?[0m?[32m (p7)?[0m                                                                         ?[90m# ca.mcgill.ecse.coolsupplies.features.UpdatePasswordOfSchoolAdminStepDefinitions.the_number_of_school_admin_entities_in_the_system_shall_be_p7(java.lang.String)?[0m
  ?[31mThen ?[0m?[31mthe school admin ?[0m?[31m?[1m"admin@cool.ca"?[0m?[31m with password ?[0m?[31m?[1m"!WWW"?[0m?[31m shall not exist in the system (p7)?[0m                                                    ?[90m# ca.mcgill.ecse.coolsupplies.features.UpdatePasswordOfSchoolAdminStepDefinitions.the_school_admin_with_password_shall_not_exist_in_the_system_p7(java.lang.String,java.lang.String)?[0m
      ?[31mjava.lang.AssertionError
	at org.junit.Assert.fail(Assert.java:87)
	at org.junit.Assert.assertTrue(Assert.java:42)
	at org.junit.Assert.assertFalse(Assert.java:65)
	at org.junit.Assert.assertFalse(Assert.java:75)
	at ca.mcgill.ecse.coolsupplies.features.UpdatePasswordOfSchoolAdminStepDefinitions.the_school_admin_with_password_shall_not_exist_in_the_system_p7(UpdatePasswordOfSchoolAdminStepDefinitions.java:59)
	at ✽.the school admin "admin@cool.ca" with password "!WWW" shall not exist in the system (p7)(file:///Users/zhengxuanzhao/IdeaProjects/ecse223-group-project-p8/src/test/resources/UpdatePasswordOfSchoolAdmin.feature:21)
?[0m
  ?[36mThen ?[0m?[36mthe following school admin entities shall exist in the system (p7)?[0m                                                                          ?[90m# ca.mcgill.ecse.coolsupplies.features.UpdatePasswordOfSchoolAdminStepDefinitions.the_following_school_admin_entities_shall_exist_in_the_system_p7(io.cucumber.datatable.DataTable)?[0m
  ?[36mThen ?[0m?[36mthe error ?[0m?[36m?[1m"Password must contain a special character out of !#$, an upper case character, and a lower case character."?[0m?[36m shall be raised (p7)?[0m ?[90m# ca.mcgill.ecse.coolsupplies.features.UpdatePasswordOfSchoolAdminStepDefinitions.the_error_shall_be_raised_p7(java.lang.String)?[0m

Scenario Outline: Unsuccessfully update the password of a school admin in the system with invalid values                                           ?[90m# src/test/resources/UpdatePasswordOfSchoolAdmin.feature:32?[0m
  ?[32mGiven ?[0m?[32mthe following school admin entities exists in the system (p7)?[0m                                                                              ?[90m# ca.mcgill.ecse.coolsupplies.features.UpdatePasswordOfSchoolAdminStepDefinitions.the_following_school_admin_entities_exists_in_the_system_p7(io.cucumber.datatable.DataTable)?[0m
  ?[32mWhen ?[0m?[32mthe school admin attempts to update school admin ?[0m?[32m?[1m"admin@cool.ca"?[0m?[32m in the system with password ?[0m?[32m?[1m"!eee"?[0m?[32m (p7)?[0m                                    ?[90m# ca.mcgill.ecse.coolsupplies.features.UpdatePasswordOfSchoolAdminStepDefinitions.the_school_admin_attempts_to_update_school_admin_in_the_system_with_password_p7(java.lang.String,java.lang.String)?[0m
  ?[32mThen ?[0m?[32mthe number of school admin entities in the system shall be ?[0m?[32m?[1m"1"?[0m?[32m (p7)?[0m                                                                         ?[90m# ca.mcgill.ecse.coolsupplies.features.UpdatePasswordOfSchoolAdminStepDefinitions.the_number_of_school_admin_entities_in_the_system_shall_be_p7(java.lang.String)?[0m
  ?[31mThen ?[0m?[31mthe school admin ?[0m?[31m?[1m"admin@cool.ca"?[0m?[31m with password ?[0m?[31m?[1m"!eee"?[0m?[31m shall not exist in the system (p7)?[0m                                                    ?[90m# ca.mcgill.ecse.coolsupplies.features.UpdatePasswordOfSchoolAdminStepDefinitions.the_school_admin_with_password_shall_not_exist_in_the_system_p7(java.lang.String,java.lang.String)?[0m
      ?[31mjava.lang.AssertionError
	at org.junit.Assert.fail(Assert.java:87)
	at org.junit.Assert.assertTrue(Assert.java:42)
	at org.junit.Assert.assertFalse(Assert.java:65)
	at org.junit.Assert.assertFalse(Assert.java:75)
	at ca.mcgill.ecse.coolsupplies.features.UpdatePasswordOfSchoolAdminStepDefinitions.the_school_admin_with_password_shall_not_exist_in_the_system_p7(UpdatePasswordOfSchoolAdminStepDefinitions.java:59)
	at ✽.the school admin "admin@cool.ca" with password "!eee" shall not exist in the system (p7)(file:///Users/zhengxuanzhao/IdeaProjects/ecse223-group-project-p8/src/test/resources/UpdatePasswordOfSchoolAdmin.feature:21)
?[0m
  ?[36mThen ?[0m?[36mthe following school admin entities shall exist in the system (p7)?[0m                                                                          ?[90m# ca.mcgill.ecse.coolsupplies.features.UpdatePasswordOfSchoolAdminStepDefinitions.the_following_school_admin_entities_shall_exist_in_the_system_p7(io.cucumber.datatable.DataTable)?[0m
  ?[36mThen ?[0m?[36mthe error ?[0m?[36m?[1m"Password must contain a special character out of !#$, an upper case character, and a lower case character."?[0m?[36m shall be raised (p7)?[0m ?[90m# ca.mcgill.ecse.coolsupplies.features.UpdatePasswordOfSchoolAdminStepDefinitions.the_error_shall_be_raised_p7(java.lang.String)?[0m

Scenario Outline: Successfully update a student in the system                                                           ?[90m# src/test/resources/UpdateStudent.feature:22?[0m
  ?[32mGiven ?[0m?[32mthe following grade entities exists in the system (p4)?[0m                                                          ?[90m# ca.mcgill.ecse.coolsupplies.features.AddStudentStepDefinitions.the_following_grade_entities_exists_in_the_system_p4(io.cucumber.datatable.DataTable)?[0m
  ?[32mGiven ?[0m?[32mthe following student entities exists in the system (p4)?[0m                                                        ?[90m# ca.mcgill.ecse.coolsupplies.features.AddStudentStepDefinitions.the_following_student_entities_exists_in_the_system_p4(io.cucumber.datatable.DataTable)?[0m
  ?[32mGiven ?[0m?[32mthe following grade entities exists in the system (p4)?[0m                                                          ?[90m# ca.mcgill.ecse.coolsupplies.features.AddStudentStepDefinitions.the_following_grade_entities_exists_in_the_system_p4(io.cucumber.datatable.DataTable)?[0m
  ?[32mWhen ?[0m?[32mthe school admin attempts to update student ?[0m?[32m?[1m"Aaron"?[0m?[32m in the system with name ?[0m?[32m?[1m"Barbara"?[0m?[32m and grade level ?[0m?[32m?[1m"6th"?[0m?[32m (p4)?[0m ?[90m# ca.mcgill.ecse.coolsupplies.features.UpdateStudentStepDefinitions.the_school_admin_attempts_to_update_student_in_the_system_with_name_and_grade_level_p4(java.lang.String,java.lang.String,java.lang.String)?[0m
  ?[32mThen ?[0m?[32mthe number of student entities in the system shall be ?[0m?[32m?[1m"1"?[0m?[32m (p4)?[0m                                                   ?[90m# ca.mcgill.ecse.coolsupplies.features.AddStudentStepDefinitions.the_number_of_student_entities_in_the_system_shall_be_p4(java.lang.String)?[0m
  ?[32mThen ?[0m?[32mthe student ?[0m?[32m?[1m"Barbara"?[0m?[32m with grade level ?[0m?[32m?[1m"6th"?[0m?[32m shall exist in the system (p4)?[0m                                      ?[90m# ca.mcgill.ecse.coolsupplies.features.AddStudentStepDefinitions.the_student_with_grade_level_shall_exist_in_the_system_p4(java.lang.String,java.lang.String)?[0m

Scenario Outline: Unsuccessfully update a student that does not exist in the system                                     ?[90m# src/test/resources/UpdateStudent.feature:38?[0m
  ?[32mGiven ?[0m?[32mthe following grade entities exists in the system (p4)?[0m                                                          ?[90m# ca.mcgill.ecse.coolsupplies.features.AddStudentStepDefinitions.the_following_grade_entities_exists_in_the_system_p4(io.cucumber.datatable.DataTable)?[0m
  ?[32mGiven ?[0m?[32mthe following student entities exists in the system (p4)?[0m                                                        ?[90m# ca.mcgill.ecse.coolsupplies.features.AddStudentStepDefinitions.the_following_student_entities_exists_in_the_system_p4(io.cucumber.datatable.DataTable)?[0m
  ?[32mGiven ?[0m?[32mthe following grade entities exists in the system (p4)?[0m                                                          ?[90m# ca.mcgill.ecse.coolsupplies.features.AddStudentStepDefinitions.the_following_grade_entities_exists_in_the_system_p4(io.cucumber.datatable.DataTable)?[0m
  ?[32mWhen ?[0m?[32mthe school admin attempts to update student ?[0m?[32m?[1m"Barbara"?[0m?[32m in the system with name ?[0m?[32m?[1m"Harry"?[0m?[32m and grade level ?[0m?[32m?[1m"6th"?[0m?[32m (p4)?[0m ?[90m# ca.mcgill.ecse.coolsupplies.features.UpdateStudentStepDefinitions.the_school_admin_attempts_to_update_student_in_the_system_with_name_and_grade_level_p4(java.lang.String,java.lang.String,java.lang.String)?[0m
  ?[32mThen ?[0m?[32mthe number of student entities in the system shall be ?[0m?[32m?[1m"1"?[0m?[32m (p4)?[0m                                                   ?[90m# ca.mcgill.ecse.coolsupplies.features.AddStudentStepDefinitions.the_number_of_student_entities_in_the_system_shall_be_p4(java.lang.String)?[0m
  ?[32mThen ?[0m?[32mthe student ?[0m?[32m?[1m"Harry"?[0m?[32m with grade level ?[0m?[32m?[1m"6th"?[0m?[32m shall not exist in the system (p4)?[0m                                    ?[90m# ca.mcgill.ecse.coolsupplies.features.UpdateStudentStepDefinitions.the_student_with_grade_level_shall_not_exist_in_the_system_p4(java.lang.String,java.lang.String)?[0m
  ?[32mThen ?[0m?[32mthe following student entities shall exist in the system (p4)?[0m                                                    ?[90m# ca.mcgill.ecse.coolsupplies.features.UpdateStudentStepDefinitions.the_following_student_entities_shall_exist_in_the_system_p4(io.cucumber.datatable.DataTable)?[0m
  ?[32mThen ?[0m?[32mthe error ?[0m?[32m?[1m"The student does not exist."?[0m?[32m shall be raised (p4)?[0m                                                     ?[90m# ca.mcgill.ecse.coolsupplies.features.AddStudentStepDefinitions.the_error_shall_be_raised_p4(java.lang.String)?[0m

Scenario Outline: Unsuccessfully update a student in the system with invalid values                              ?[90m# src/test/resources/UpdateStudent.feature:51?[0m
  ?[32mGiven ?[0m?[32mthe following grade entities exists in the system (p4)?[0m                                                   ?[90m# ca.mcgill.ecse.coolsupplies.features.AddStudentStepDefinitions.the_following_grade_entities_exists_in_the_system_p4(io.cucumber.datatable.DataTable)?[0m
  ?[32mGiven ?[0m?[32mthe following student entities exists in the system (p4)?[0m                                                 ?[90m# ca.mcgill.ecse.coolsupplies.features.AddStudentStepDefinitions.the_following_student_entities_exists_in_the_system_p4(io.cucumber.datatable.DataTable)?[0m
  ?[32mWhen ?[0m?[32mthe school admin attempts to update student ?[0m?[32m?[1m"Aaron"?[0m?[32m in the system with name ?[0m?[32m?[1m""?[0m?[32m and grade level ?[0m?[32m?[1m"5th"?[0m?[32m (p4)?[0m ?[90m# ca.mcgill.ecse.coolsupplies.features.UpdateStudentStepDefinitions.the_school_admin_attempts_to_update_student_in_the_system_with_name_and_grade_level_p4(java.lang.String,java.lang.String,java.lang.String)?[0m
  ?[32mThen ?[0m?[32mthe number of student entities in the system shall be ?[0m?[32m?[1m"1"?[0m?[32m (p4)?[0m                                            ?[90m# ca.mcgill.ecse.coolsupplies.features.AddStudentStepDefinitions.the_number_of_student_entities_in_the_system_shall_be_p4(java.lang.String)?[0m
  ?[32mThen ?[0m?[32mthe student ?[0m?[32m?[1m""?[0m?[32m with grade level ?[0m?[32m?[1m"5th"?[0m?[32m shall not exist in the system (p4)?[0m                                  ?[90m# ca.mcgill.ecse.coolsupplies.features.UpdateStudentStepDefinitions.the_student_with_grade_level_shall_not_exist_in_the_system_p4(java.lang.String,java.lang.String)?[0m
  ?[32mThen ?[0m?[32mthe following student entities shall exist in the system (p4)?[0m                                             ?[90m# ca.mcgill.ecse.coolsupplies.features.UpdateStudentStepDefinitions.the_following_student_entities_shall_exist_in_the_system_p4(io.cucumber.datatable.DataTable)?[0m
  ?[32mThen ?[0m?[32mthe error ?[0m?[32m?[1m"The name must not be empty."?[0m?[32m shall be raised (p4)?[0m                                              ?[90m# ca.mcgill.ecse.coolsupplies.features.AddStudentStepDefinitions.the_error_shall_be_raised_p4(java.lang.String)?[0m

Scenario Outline: Unsuccessfully update a student in the system with invalid values                                     ?[90m# src/test/resources/UpdateStudent.feature:52?[0m
  ?[32mGiven ?[0m?[32mthe following grade entities exists in the system (p4)?[0m                                                          ?[90m# ca.mcgill.ecse.coolsupplies.features.AddStudentStepDefinitions.the_following_grade_entities_exists_in_the_system_p4(io.cucumber.datatable.DataTable)?[0m
  ?[32mGiven ?[0m?[32mthe following student entities exists in the system (p4)?[0m                                                        ?[90m# ca.mcgill.ecse.coolsupplies.features.AddStudentStepDefinitions.the_following_student_entities_exists_in_the_system_p4(io.cucumber.datatable.DataTable)?[0m
  ?[32mWhen ?[0m?[32mthe school admin attempts to update student ?[0m?[32m?[1m"Aaron"?[0m?[32m in the system with name ?[0m?[32m?[1m"Barbara"?[0m?[32m and grade level ?[0m?[32m?[1m"6th"?[0m?[32m (p4)?[0m ?[90m# ca.mcgill.ecse.coolsupplies.features.UpdateStudentStepDefinitions.the_school_admin_attempts_to_update_student_in_the_system_with_name_and_grade_level_p4(java.lang.String,java.lang.String,java.lang.String)?[0m
  ?[32mThen ?[0m?[32mthe number of student entities in the system shall be ?[0m?[32m?[1m"1"?[0m?[32m (p4)?[0m                                                   ?[90m# ca.mcgill.ecse.coolsupplies.features.AddStudentStepDefinitions.the_number_of_student_entities_in_the_system_shall_be_p4(java.lang.String)?[0m
  ?[32mThen ?[0m?[32mthe student ?[0m?[32m?[1m"Barbara"?[0m?[32m with grade level ?[0m?[32m?[1m"6th"?[0m?[32m shall not exist in the system (p4)?[0m                                  ?[90m# ca.mcgill.ecse.coolsupplies.features.UpdateStudentStepDefinitions.the_student_with_grade_level_shall_not_exist_in_the_system_p4(java.lang.String,java.lang.String)?[0m
  ?[32mThen ?[0m?[32mthe following student entities shall exist in the system (p4)?[0m                                                    ?[90m# ca.mcgill.ecse.coolsupplies.features.UpdateStudentStepDefinitions.the_following_student_entities_shall_exist_in_the_system_p4(io.cucumber.datatable.DataTable)?[0m
  ?[32mThen ?[0m?[32mthe error ?[0m?[32m?[1m"The grade does not exist."?[0m?[32m shall be raised (p4)?[0m                                                       ?[90m# ca.mcgill.ecse.coolsupplies.features.AddStudentStepDefinitions.the_error_shall_be_raised_p4(java.lang.String)?[0m

Scenario Outline: Unsuccessfully update a student in the system with a duplicate unique value                           ?[90m# src/test/resources/UpdateStudent.feature:72?[0m
  ?[32mGiven ?[0m?[32mthe following grade entities exists in the system (p4)?[0m                                                          ?[90m# ca.mcgill.ecse.coolsupplies.features.AddStudentStepDefinitions.the_following_grade_entities_exists_in_the_system_p4(io.cucumber.datatable.DataTable)?[0m
  ?[32mGiven ?[0m?[32mthe following student entities exists in the system (p4)?[0m                                                        ?[90m# ca.mcgill.ecse.coolsupplies.features.AddStudentStepDefinitions.the_following_student_entities_exists_in_the_system_p4(io.cucumber.datatable.DataTable)?[0m
  ?[32mGiven ?[0m?[32mthe following grade entities exists in the system (p4)?[0m                                                          ?[90m# ca.mcgill.ecse.coolsupplies.features.AddStudentStepDefinitions.the_following_grade_entities_exists_in_the_system_p4(io.cucumber.datatable.DataTable)?[0m
  ?[32mGiven ?[0m?[32mthe following student entities exists in the system (p4)?[0m                                                        ?[90m# ca.mcgill.ecse.coolsupplies.features.AddStudentStepDefinitions.the_following_student_entities_exists_in_the_system_p4(io.cucumber.datatable.DataTable)?[0m
  ?[32mWhen ?[0m?[32mthe school admin attempts to update student ?[0m?[32m?[1m"Aaron"?[0m?[32m in the system with name ?[0m?[32m?[1m"Barbara"?[0m?[32m and grade level ?[0m?[32m?[1m"6th"?[0m?[32m (p4)?[0m ?[90m# ca.mcgill.ecse.coolsupplies.features.UpdateStudentStepDefinitions.the_school_admin_attempts_to_update_student_in_the_system_with_name_and_grade_level_p4(java.lang.String,java.lang.String,java.lang.String)?[0m
  ?[32mThen ?[0m?[32mthe number of student entities in the system shall be ?[0m?[32m?[1m"2"?[0m?[32m (p4)?[0m                                                   ?[90m# ca.mcgill.ecse.coolsupplies.features.AddStudentStepDefinitions.the_number_of_student_entities_in_the_system_shall_be_p4(java.lang.String)?[0m
  ?[32mThen ?[0m?[32mthe student ?[0m?[32m?[1m"Barbara"?[0m?[32m with grade level ?[0m?[32m?[1m"6th"?[0m?[32m shall not exist in the system (p4)?[0m                                  ?[90m# ca.mcgill.ecse.coolsupplies.features.UpdateStudentStepDefinitions.the_student_with_grade_level_shall_not_exist_in_the_system_p4(java.lang.String,java.lang.String)?[0m
  ?[32mThen ?[0m?[32mthe following student entities shall exist in the system (p4)?[0m                                                    ?[90m# ca.mcgill.ecse.coolsupplies.features.UpdateStudentStepDefinitions.the_following_student_entities_shall_exist_in_the_system_p4(io.cucumber.datatable.DataTable)?[0m
  ?[32mThen ?[0m?[32mthe error ?[0m?[32m?[1m"The name must be unique."?[0m?[32m shall be raised (p4)?[0m                                                        ?[90m# ca.mcgill.ecse.coolsupplies.features.AddStudentStepDefinitions.the_error_shall_be_raised_p4(java.lang.String)?[0m
]]></system-out>
  <system-err><![CDATA[?[32m?[1m┌─────────────────────────────────────────────────────────────────────────────┐?[0m
?[32m?[1m│?[0m Share your Cucumber Report with your team at ?[36m?[1m?[4mhttps://reports.cucumber.io?[0m    ?[32m?[1m│?[0m
?[32m?[1m│?[0m Activate publishing with one of the following:                              ?[32m?[1m│?[0m
?[32m?[1m│?[0m                                                                             ?[32m?[1m│?[0m
?[32m?[1m│?[0m src/test/resources/cucumber.properties:    ?[36mcucumber.publish.enabled?[0m=?[36mtrue?[0m    ?[32m?[1m│?[0m
?[32m?[1m│?[0m Environment variable:                      ?[36mCUCUMBER_PUBLISH_ENABLED?[0m=?[36mtrue?[0m    ?[32m?[1m│?[0m
?[32m?[1m│?[0m JUnit:                                     ?[36m@CucumberOptions?[0m(publish = ?[36mtrue?[0m) ?[32m?[1m│?[0m
?[32m?[1m│?[0m                                                                             ?[32m?[1m│?[0m
?[32m?[1m│?[0m More information at ?[36mhttps://reports.cucumber.io/docs/cucumber-jvm?[0m           ?[32m?[1m│?[0m
?[32m?[1m│?[0m                                                                             ?[32m?[1m│?[0m
?[32m?[1m│?[0m To disable this message, add ?[1mcucumber.publish.quiet?[0m?[1m=?[0m?[1mtrue?[0m to                 ?[32m?[1m│?[0m
?[32m?[1m│?[0m ?[1msrc/test/resources/cucumber.properties?[0m                                      ?[32m?[1m│?[0m
?[32m?[1m└─────────────────────────────────────────────────────────────────────────────┘?[0m
]]></system-err>
</testsuite>
